  [1m[35m (47.0ms)[0m  [1m[35mCREATE TABLE "schema_migrations" ("version" character varying NOT NULL PRIMARY KEY)[0m
  [1m[35m (8.3ms)[0m  [1m[35mCREATE TABLE "ar_internal_metadata" ("key" character varying NOT NULL PRIMARY KEY, "value" character varying, "created_at" timestamp NOT NULL, "updated_at" timestamp NOT NULL)[0m
  [1m[35m (2.7ms)[0m  [1m[34mSELECT pg_try_advisory_lock(6633581997364192815)[0m
  [1m[35m (1.2ms)[0m  [1m[34mSELECT "schema_migrations"."version" FROM "schema_migrations" ORDER BY "schema_migrations"."version" ASC[0m
Migrating to DeviseCreateAdminUsers (20180606220229)
  [1m[35m (0.2ms)[0m  [1m[35mBEGIN[0m
  [1m[35m (6.5ms)[0m  [1m[35mCREATE TABLE "admin_users" ("id" bigserial primary key, "email" character varying DEFAULT '' NOT NULL, "encrypted_password" character varying DEFAULT '' NOT NULL, "reset_password_token" character varying, "reset_password_sent_at" timestamp, "remember_created_at" timestamp, "sign_in_count" integer DEFAULT 0 NOT NULL, "current_sign_in_at" timestamp, "last_sign_in_at" timestamp, "current_sign_in_ip" inet, "last_sign_in_ip" inet, "created_at" timestamp NOT NULL, "updated_at" timestamp NOT NULL)[0m
  [1m[35m (1.6ms)[0m  [1m[35mCREATE UNIQUE INDEX  "index_admin_users_on_email" ON "admin_users"  ("email")[0m
  [1m[35m (1.2ms)[0m  [1m[35mCREATE UNIQUE INDEX  "index_admin_users_on_reset_password_token" ON "admin_users"  ("reset_password_token")[0m
  [1m[35mSQL (2.2ms)[0m  [1m[32mINSERT INTO "schema_migrations" ("version") VALUES ($1) RETURNING "version"[0m  [["version", "20180606220229"]]
  [1m[35m (0.7ms)[0m  [1m[35mCOMMIT[0m
Migrating to CreateActiveAdminComments (20180606220234)
  [1m[35m (1.1ms)[0m  [1m[35mBEGIN[0m
  [1m[35m (3.2ms)[0m  [1m[35mCREATE TABLE "active_admin_comments" ("id" bigserial primary key, "namespace" character varying, "body" text, "resource_type" character varying, "resource_id" bigint, "author_type" character varying, "author_id" bigint, "created_at" timestamp NOT NULL, "updated_at" timestamp NOT NULL)[0m
  [1m[35m (1.3ms)[0m  [1m[35mCREATE  INDEX  "index_active_admin_comments_on_resource_type_and_resource_id" ON "active_admin_comments"  ("resource_type", "resource_id")[0m
  [1m[35m (0.9ms)[0m  [1m[35mCREATE  INDEX  "index_active_admin_comments_on_author_type_and_author_id" ON "active_admin_comments"  ("author_type", "author_id")[0m
  [1m[35m (1.4ms)[0m  [1m[35mCREATE  INDEX  "index_active_admin_comments_on_namespace" ON "active_admin_comments"  ("namespace")[0m
  [1m[35mSQL (0.8ms)[0m  [1m[32mINSERT INTO "schema_migrations" ("version") VALUES ($1) RETURNING "version"[0m  [["version", "20180606220234"]]
  [1m[35m (1.7ms)[0m  [1m[35mCOMMIT[0m
  [1m[36mActiveRecord::InternalMetadata Load (0.3ms)[0m  [1m[34mSELECT  "ar_internal_metadata".* FROM "ar_internal_metadata" WHERE "ar_internal_metadata"."key" = $1 LIMIT $2[0m  [["key", "environment"], ["LIMIT", 1]]
  [1m[35m (0.2ms)[0m  [1m[35mBEGIN[0m
  [1m[35mSQL (1.4ms)[0m  [1m[32mINSERT INTO "ar_internal_metadata" ("key", "value", "created_at", "updated_at") VALUES ($1, $2, $3, $4) RETURNING "key"[0m  [["key", "environment"], ["value", "development"], ["created_at", "2018-06-06 22:07:11.583663"], ["updated_at", "2018-06-06 22:07:11.583663"]]
  [1m[35m (0.5ms)[0m  [1m[35mCOMMIT[0m
  [1m[35m (0.5ms)[0m  [1m[34mSELECT pg_advisory_unlock(6633581997364192815)[0m
  [1m[35m (0.7ms)[0m  [1m[34mSELECT "schema_migrations"."version" FROM "schema_migrations" ORDER BY "schema_migrations"."version" ASC[0m
Started GET "/" for 127.0.0.1 at 2018-06-06 18:09:10 -0400
  
ActiveAdmin::DependencyError (To use devise you need to specify it in your Gemfile.):
  
config/routes.rb:4:in `block in <top (required)>'
config/routes.rb:1:in `<top (required)>'
Started GET "/" for 127.0.0.1 at 2018-06-06 18:09:37 -0400
  [1m[35m (1.3ms)[0m  [1m[34mSELECT "schema_migrations"."version" FROM "schema_migrations" ORDER BY "schema_migrations"."version" ASC[0m
Processing by HomeController#index as HTML
  Rendering home/index.html.erb within layouts/application
  Rendered home/index.html.erb within layouts/application (2.6ms)
Completed 200 OK in 9644ms (Views: 9619.3ms | ActiveRecord: 0.0ms)


Started GET "/" for 127.0.0.1 at 2018-06-06 18:10:18 -0400
Processing by HomeController#index as HTML
  Rendering home/index.html.erb within layouts/application
  Rendered home/index.html.erb within layouts/application (0.6ms)
Completed 200 OK in 179ms (Views: 176.8ms | ActiveRecord: 0.0ms)


Started GET "/admin" for 127.0.0.1 at 2018-06-06 18:10:24 -0400
Processing by Admin::DashboardController#index as HTML
Completed 401 Unauthorized in 12ms (ActiveRecord: 0.0ms)


Started GET "/admin/login" for 127.0.0.1 at 2018-06-06 18:10:24 -0400
Processing by ActiveAdmin::Devise::SessionsController#new as HTML
  Rendering /Users/Seph/.rbenv/versions/2.4.1/lib/ruby/gems/2.4.0/gems/activeadmin-1.3.0/app/views/active_admin/devise/sessions/new.html.erb within layouts/active_admin_logged_out
  Rendered /Users/Seph/.rbenv/versions/2.4.1/lib/ruby/gems/2.4.0/gems/activeadmin-1.3.0/app/views/active_admin/devise/shared/_links.erb (2.6ms)
  Rendered /Users/Seph/.rbenv/versions/2.4.1/lib/ruby/gems/2.4.0/gems/activeadmin-1.3.0/app/views/active_admin/devise/sessions/new.html.erb within layouts/active_admin_logged_out (65.4ms)
Completed 200 OK in 382ms (Views: 329.9ms | ActiveRecord: 16.8ms)


Started POST "/admin/login" for 127.0.0.1 at 2018-06-06 18:11:48 -0400
Processing by ActiveAdmin::Devise::SessionsController#create as HTML
  Parameters: {"utf8"=>"✓", "authenticity_token"=>"ETI4eoZwoZAaKb1Q5DYP1+Es+CWIGkg0Ebqr1a0GE2fx4HyhyA4TmA2iajNYOYC/q0eOOUfFKbXS97jqmbua0A==", "admin_user"=>{"email"=>"admin@example.com", "password"=>"[FILTERED]", "remember_me"=>"1"}, "commit"=>"Login"}
  [1m[36mAdminUser Load (2.1ms)[0m  [1m[34mSELECT  "admin_users".* FROM "admin_users" WHERE "admin_users"."email" = $1 ORDER BY "admin_users"."id" ASC LIMIT $2[0m  [["email", "admin@example.com"], ["LIMIT", 1]]
Completed 401 Unauthorized in 7ms (ActiveRecord: 2.1ms)


Processing by ActiveAdmin::Devise::SessionsController#new as HTML
  Parameters: {"utf8"=>"✓", "authenticity_token"=>"ETI4eoZwoZAaKb1Q5DYP1+Es+CWIGkg0Ebqr1a0GE2fx4HyhyA4TmA2iajNYOYC/q0eOOUfFKbXS97jqmbua0A==", "admin_user"=>{"email"=>"admin@example.com", "password"=>"[FILTERED]", "remember_me"=>"1"}, "commit"=>"Login"}
  Rendering /Users/Seph/.rbenv/versions/2.4.1/lib/ruby/gems/2.4.0/gems/activeadmin-1.3.0/app/views/active_admin/devise/sessions/new.html.erb within layouts/active_admin_logged_out
  Rendered /Users/Seph/.rbenv/versions/2.4.1/lib/ruby/gems/2.4.0/gems/activeadmin-1.3.0/app/views/active_admin/devise/shared/_links.erb (1.3ms)
  Rendered /Users/Seph/.rbenv/versions/2.4.1/lib/ruby/gems/2.4.0/gems/activeadmin-1.3.0/app/views/active_admin/devise/sessions/new.html.erb within layouts/active_admin_logged_out (34.9ms)
Completed 200 OK in 331ms (Views: 190.3ms | ActiveRecord: 0.0ms)


Started POST "/admin/login" for 127.0.0.1 at 2018-06-06 18:12:11 -0400
Processing by ActiveAdmin::Devise::SessionsController#create as HTML
  Parameters: {"utf8"=>"✓", "authenticity_token"=>"PV5xLCPFz7xqHPpCQ3tdFoBmARbMGpjWY4ve+2SHdnvdjDX3bbt9tH2XLSH/dNJ+yg13CgPF+Vegxs3EUDr/zA==", "admin_user"=>{"email"=>"admin@example.com", "password"=>"[FILTERED]", "remember_me"=>"1"}, "commit"=>"Login"}
  [1m[36mAdminUser Load (0.7ms)[0m  [1m[34mSELECT  "admin_users".* FROM "admin_users" WHERE "admin_users"."email" = $1 ORDER BY "admin_users"."id" ASC LIMIT $2[0m  [["email", "admin@example.com"], ["LIMIT", 1]]
Completed 401 Unauthorized in 5ms (ActiveRecord: 0.7ms)


Processing by ActiveAdmin::Devise::SessionsController#new as HTML
  Parameters: {"utf8"=>"✓", "authenticity_token"=>"PV5xLCPFz7xqHPpCQ3tdFoBmARbMGpjWY4ve+2SHdnvdjDX3bbt9tH2XLSH/dNJ+yg13CgPF+Vegxs3EUDr/zA==", "admin_user"=>{"email"=>"admin@example.com", "password"=>"[FILTERED]", "remember_me"=>"1"}, "commit"=>"Login"}
  Rendering /Users/Seph/.rbenv/versions/2.4.1/lib/ruby/gems/2.4.0/gems/activeadmin-1.3.0/app/views/active_admin/devise/sessions/new.html.erb within layouts/active_admin_logged_out
  Rendered /Users/Seph/.rbenv/versions/2.4.1/lib/ruby/gems/2.4.0/gems/activeadmin-1.3.0/app/views/active_admin/devise/shared/_links.erb (1.1ms)
  Rendered /Users/Seph/.rbenv/versions/2.4.1/lib/ruby/gems/2.4.0/gems/activeadmin-1.3.0/app/views/active_admin/devise/sessions/new.html.erb within layouts/active_admin_logged_out (30.4ms)
Completed 200 OK in 293ms (Views: 153.2ms | ActiveRecord: 0.0ms)


Started POST "/admin/login" for 127.0.0.1 at 2018-06-06 18:12:37 -0400
Processing by ActiveAdmin::Devise::SessionsController#create as HTML
  Parameters: {"utf8"=>"✓", "authenticity_token"=>"dQCnuGiGkVl9N6VAiCKIFvo9dACE8KuXbemyj+XmpqmV0uNjJvgjUWq8ciM0LQd+sFYCHEsvyhaupKGw0VsvHg==", "admin_user"=>{"email"=>"admin@example.com", "password"=>"[FILTERED]", "remember_me"=>"1"}, "commit"=>"Login"}
  [1m[36mAdminUser Load (0.7ms)[0m  [1m[34mSELECT  "admin_users".* FROM "admin_users" WHERE "admin_users"."email" = $1 ORDER BY "admin_users"."id" ASC LIMIT $2[0m  [["email", "admin@example.com"], ["LIMIT", 1]]
Completed 401 Unauthorized in 6ms (ActiveRecord: 0.7ms)


Processing by ActiveAdmin::Devise::SessionsController#new as HTML
  Parameters: {"utf8"=>"✓", "authenticity_token"=>"dQCnuGiGkVl9N6VAiCKIFvo9dACE8KuXbemyj+XmpqmV0uNjJvgjUWq8ciM0LQd+sFYCHEsvyhaupKGw0VsvHg==", "admin_user"=>{"email"=>"admin@example.com", "password"=>"[FILTERED]", "remember_me"=>"1"}, "commit"=>"Login"}
  Rendering /Users/Seph/.rbenv/versions/2.4.1/lib/ruby/gems/2.4.0/gems/activeadmin-1.3.0/app/views/active_admin/devise/sessions/new.html.erb within layouts/active_admin_logged_out
  Rendered /Users/Seph/.rbenv/versions/2.4.1/lib/ruby/gems/2.4.0/gems/activeadmin-1.3.0/app/views/active_admin/devise/shared/_links.erb (1.3ms)
  Rendered /Users/Seph/.rbenv/versions/2.4.1/lib/ruby/gems/2.4.0/gems/activeadmin-1.3.0/app/views/active_admin/devise/sessions/new.html.erb within layouts/active_admin_logged_out (28.7ms)
Completed 200 OK in 292ms (Views: 153.2ms | ActiveRecord: 0.0ms)


Started POST "/admin/login" for 127.0.0.1 at 2018-06-06 18:12:43 -0400
Processing by ActiveAdmin::Devise::SessionsController#create as HTML
  Parameters: {"utf8"=>"✓", "authenticity_token"=>"lsOmQvFRs6/AgLlhwtjGVsM0P6M20K0rv+ywObfXcq12EeKZvy8Bp9cLbgJ+10k+iV9Jv/kPzKp8oaMGg2r7Gg==", "admin_user"=>{"email"=>"admin@example.com", "password"=>"[FILTERED]", "remember_me"=>"1"}, "commit"=>"Login"}
  [1m[36mAdminUser Load (1.3ms)[0m  [1m[34mSELECT  "admin_users".* FROM "admin_users" WHERE "admin_users"."email" = $1 ORDER BY "admin_users"."id" ASC LIMIT $2[0m  [["email", "admin@example.com"], ["LIMIT", 1]]
Completed 401 Unauthorized in 5ms (ActiveRecord: 1.3ms)


Processing by ActiveAdmin::Devise::SessionsController#new as HTML
  Parameters: {"utf8"=>"✓", "authenticity_token"=>"lsOmQvFRs6/AgLlhwtjGVsM0P6M20K0rv+ywObfXcq12EeKZvy8Bp9cLbgJ+10k+iV9Jv/kPzKp8oaMGg2r7Gg==", "admin_user"=>{"email"=>"admin@example.com", "password"=>"[FILTERED]", "remember_me"=>"1"}, "commit"=>"Login"}
  Rendering /Users/Seph/.rbenv/versions/2.4.1/lib/ruby/gems/2.4.0/gems/activeadmin-1.3.0/app/views/active_admin/devise/sessions/new.html.erb within layouts/active_admin_logged_out
  Rendered /Users/Seph/.rbenv/versions/2.4.1/lib/ruby/gems/2.4.0/gems/activeadmin-1.3.0/app/views/active_admin/devise/shared/_links.erb (1.0ms)
  Rendered /Users/Seph/.rbenv/versions/2.4.1/lib/ruby/gems/2.4.0/gems/activeadmin-1.3.0/app/views/active_admin/devise/sessions/new.html.erb within layouts/active_admin_logged_out (27.0ms)
Completed 200 OK in 279ms (Views: 139.6ms | ActiveRecord: 0.0ms)


  [1m[35m (0.6ms)[0m  [1m[34mSELECT "schema_migrations"."version" FROM "schema_migrations" ORDER BY "schema_migrations"."version" ASC[0m
  [1m[35m (0.2ms)[0m  [1m[35mBEGIN[0m
  [1m[36mAdminUser Exists (0.6ms)[0m  [1m[34mSELECT  1 AS one FROM "admin_users" WHERE "admin_users"."email" = $1 LIMIT $2[0m  [["email", "admin@example.com"], ["LIMIT", 1]]
  [1m[35mSQL (2.6ms)[0m  [1m[32mINSERT INTO "admin_users" ("email", "encrypted_password", "created_at", "updated_at") VALUES ($1, $2, $3, $4) RETURNING "id"[0m  [["email", "admin@example.com"], ["encrypted_password", "$2a$11$1dX9M4irOu15l7cJdtvlRu3z1z47E27zuJ1M73KGZsL6oaydckfde"], ["created_at", "2018-06-06 22:14:38.830653"], ["updated_at", "2018-06-06 22:14:38.830653"]]
  [1m[35m (0.6ms)[0m  [1m[35mCOMMIT[0m
Started POST "/admin/login" for 127.0.0.1 at 2018-06-06 18:14:56 -0400
  [1m[35m (2.8ms)[0m  [1m[34mSELECT "schema_migrations"."version" FROM "schema_migrations" ORDER BY "schema_migrations"."version" ASC[0m
Processing by ActiveAdmin::Devise::SessionsController#create as HTML
  Parameters: {"utf8"=>"✓", "authenticity_token"=>"r23EIMExT7VuHePmeQ8cnGpkzGuPGtLsRBydvJG1ZBFPv4D7j0/9vXmWNIXFAJP0IA+6d0DFs22HUY6DpQjtpg==", "admin_user"=>{"email"=>"admin@example.com", "password"=>"[FILTERED]", "remember_me"=>"1"}, "commit"=>"Login"}
  [1m[36mAdminUser Load (1.8ms)[0m  [1m[34mSELECT  "admin_users".* FROM "admin_users" WHERE "admin_users"."email" = $1 ORDER BY "admin_users"."id" ASC LIMIT $2[0m  [["email", "admin@example.com"], ["LIMIT", 1]]
  [1m[35m (0.4ms)[0m  [1m[35mBEGIN[0m
  [1m[35mSQL (1.4ms)[0m  [1m[33mUPDATE "admin_users" SET "remember_created_at" = $1, "updated_at" = $2 WHERE "admin_users"."id" = $3[0m  [["remember_created_at", "2018-06-06 22:14:56.787996"], ["updated_at", "2018-06-06 22:14:56.790448"], ["id", 1]]
  [1m[35m (0.9ms)[0m  [1m[35mCOMMIT[0m
  [1m[35m (0.2ms)[0m  [1m[35mBEGIN[0m
  [1m[35mSQL (0.9ms)[0m  [1m[33mUPDATE "admin_users" SET "sign_in_count" = $1, "current_sign_in_at" = $2, "last_sign_in_at" = $3, "current_sign_in_ip" = $4, "last_sign_in_ip" = $5, "updated_at" = $6 WHERE "admin_users"."id" = $7[0m  [["sign_in_count", 1], ["current_sign_in_at", "2018-06-06 22:14:56.804688"], ["last_sign_in_at", "2018-06-06 22:14:56.804688"], ["current_sign_in_ip", "127.0.0.1/32"], ["last_sign_in_ip", "127.0.0.1/32"], ["updated_at", "2018-06-06 22:14:56.806072"], ["id", 1]]
  [1m[35m (0.5ms)[0m  [1m[35mCOMMIT[0m
Redirected to http://localhost:3000/admin
Completed 302 Found in 276ms (ActiveRecord: 9.3ms)


Started GET "/admin" for 127.0.0.1 at 2018-06-06 18:14:56 -0400
Processing by Admin::DashboardController#index as HTML
  [1m[36mAdminUser Load (0.4ms)[0m  [1m[34mSELECT  "admin_users".* FROM "admin_users" WHERE "admin_users"."id" = $1 ORDER BY "admin_users"."id" ASC LIMIT $2[0m  [["id", 1], ["LIMIT", 1]]
  Rendering /Users/Seph/.rbenv/versions/2.4.1/lib/ruby/gems/2.4.0/gems/activeadmin-1.3.0/app/views/active_admin/page/index.html.arb
  Rendered /Users/Seph/.rbenv/versions/2.4.1/lib/ruby/gems/2.4.0/gems/activeadmin-1.3.0/app/views/active_admin/page/index.html.arb (691.9ms)
Completed 200 OK in 711ms (Views: 705.4ms | ActiveRecord: 0.4ms)


  [1m[35m (0.2ms)[0m  [1m[34mSELECT pg_try_advisory_lock(6633581997364192815)[0m
  [1m[35m (1.0ms)[0m  [1m[34mSELECT "schema_migrations"."version" FROM "schema_migrations" ORDER BY "schema_migrations"."version" ASC[0m
Migrating to CreatePosts (20180606222103)
  [1m[35m (0.2ms)[0m  [1m[35mBEGIN[0m
  [1m[35m (8.2ms)[0m  [1m[35mCREATE TABLE "posts" ("id" bigserial primary key, "image" character varying, "caption" character varying, "button" character varying, "first_name" character varying, "email" character varying, "created_at" timestamp NOT NULL, "updated_at" timestamp NOT NULL)[0m
  [1m[35mSQL (0.4ms)[0m  [1m[32mINSERT INTO "schema_migrations" ("version") VALUES ($1) RETURNING "version"[0m  [["version", "20180606222103"]]
  [1m[35m (1.5ms)[0m  [1m[35mCOMMIT[0m
  [1m[36mActiveRecord::InternalMetadata Load (0.9ms)[0m  [1m[34mSELECT  "ar_internal_metadata".* FROM "ar_internal_metadata" WHERE "ar_internal_metadata"."key" = $1 LIMIT $2[0m  [["key", "environment"], ["LIMIT", 1]]
  [1m[35m (0.2ms)[0m  [1m[35mBEGIN[0m
  [1m[35m (0.2ms)[0m  [1m[35mCOMMIT[0m
  [1m[35m (0.3ms)[0m  [1m[34mSELECT pg_advisory_unlock(6633581997364192815)[0m
  [1m[35m (0.2ms)[0m  [1m[34mSELECT "schema_migrations"."version" FROM "schema_migrations" ORDER BY "schema_migrations"."version" ASC[0m
  [1m[36mPost Load (0.9ms)[0m  [1m[34mSELECT  "posts".* FROM "posts" ORDER BY "posts"."id" ASC LIMIT $1[0m  [["LIMIT", 1]]
  [1m[35m (1.2ms)[0m  [1m[34mSELECT "schema_migrations"."version" FROM "schema_migrations" ORDER BY "schema_migrations"."version" ASC[0m
  [1m[35m (0.2ms)[0m  [1m[34mSELECT pg_try_advisory_lock(6633581997364192815)[0m
  [1m[35m (0.2ms)[0m  [1m[34mSELECT "schema_migrations"."version" FROM "schema_migrations" ORDER BY "schema_migrations"."version" ASC[0m
Migrating to CreatePosts (20180606222103)
  [1m[35m (0.2ms)[0m  [1m[35mBEGIN[0m
  [1m[35m (20.9ms)[0m  [1m[35mDROP TABLE "posts"[0m
  [1m[35mSQL (0.5ms)[0m  [1m[31mDELETE FROM "schema_migrations" WHERE "schema_migrations"."version" = $1[0m  [["version", "20180606222103"]]
  [1m[35m (15.9ms)[0m  [1m[35mCOMMIT[0m
  [1m[35m (0.3ms)[0m  [1m[34mSELECT pg_advisory_unlock(6633581997364192815)[0m
  [1m[35m (0.6ms)[0m  [1m[34mSELECT "schema_migrations"."version" FROM "schema_migrations" ORDER BY "schema_migrations"."version" ASC[0m
  [1m[35m (0.2ms)[0m  [1m[34mSELECT pg_try_advisory_lock(6633581997364192815)[0m
  [1m[35m (1.0ms)[0m  [1m[34mSELECT "schema_migrations"."version" FROM "schema_migrations" ORDER BY "schema_migrations"."version" ASC[0m
Migrating to CreatePosts (20180606222103)
  [1m[35m (0.2ms)[0m  [1m[35mBEGIN[0m
  [1m[35m (11.9ms)[0m  [1m[35mCREATE TABLE "posts" ("id" bigserial primary key, "image_url" character varying, "caption" character varying, "button_title" character varying, "first_name" character varying, "email" character varying, "created_at" timestamp NOT NULL, "updated_at" timestamp NOT NULL)[0m
  [1m[35mSQL (0.9ms)[0m  [1m[32mINSERT INTO "schema_migrations" ("version") VALUES ($1) RETURNING "version"[0m  [["version", "20180606222103"]]
  [1m[35m (0.7ms)[0m  [1m[35mCOMMIT[0m
  [1m[36mActiveRecord::InternalMetadata Load (0.4ms)[0m  [1m[34mSELECT  "ar_internal_metadata".* FROM "ar_internal_metadata" WHERE "ar_internal_metadata"."key" = $1 LIMIT $2[0m  [["key", "environment"], ["LIMIT", 1]]
  [1m[35m (0.2ms)[0m  [1m[35mBEGIN[0m
  [1m[35m (0.1ms)[0m  [1m[35mCOMMIT[0m
  [1m[35m (0.2ms)[0m  [1m[34mSELECT pg_advisory_unlock(6633581997364192815)[0m
  [1m[35m (0.3ms)[0m  [1m[34mSELECT "schema_migrations"."version" FROM "schema_migrations" ORDER BY "schema_migrations"."version" ASC[0m
  [1m[35m (1.0ms)[0m  [1m[34mSELECT "schema_migrations"."version" FROM "schema_migrations" ORDER BY "schema_migrations"."version" ASC[0m
  [1m[35m (0.2ms)[0m  [1m[35mBEGIN[0m
  [1m[36mAdminUser Exists (1.9ms)[0m  [1m[34mSELECT  1 AS one FROM "admin_users" WHERE "admin_users"."email" = $1 LIMIT $2[0m  [["email", "admin@example.com"], ["LIMIT", 1]]
  [1m[35m (0.3ms)[0m  [1m[31mROLLBACK[0m
  [1m[35m (0.7ms)[0m  [1m[34mSELECT "schema_migrations"."version" FROM "schema_migrations" ORDER BY "schema_migrations"."version" ASC[0m
  [1m[35m (0.4ms)[0m  [1m[34mSELECT "ar_internal_metadata"."value" FROM "ar_internal_metadata" WHERE "ar_internal_metadata"."key" = $1[0m  [["key", "environment"]]
  [1m[35m (0.2ms)[0m  [1m[34mSELECT "schema_migrations"."version" FROM "schema_migrations" ORDER BY "schema_migrations"."version" ASC[0m
  [1m[35m (0.2ms)[0m  [1m[34mSELECT "ar_internal_metadata"."value" FROM "ar_internal_metadata" WHERE "ar_internal_metadata"."key" = $1[0m  [["key", "environment"]]
  [1m[35m (0.2ms)[0m  [1m[34mSELECT "schema_migrations"."version" FROM "schema_migrations" ORDER BY "schema_migrations"."version" ASC[0m
  [1m[35m (0.2ms)[0m  [1m[34mSELECT "ar_internal_metadata"."value" FROM "ar_internal_metadata" WHERE "ar_internal_metadata"."key" = $1[0m  [["key", "environment"]]
  [1m[35m (7789.1ms)[0m  [1m[35mDROP DATABASE IF EXISTS "nursingce_technical_development"[0m
  [1m[35m (1.4ms)[0m  [1m[34mSELECT "schema_migrations"."version" FROM "schema_migrations" ORDER BY "schema_migrations"."version" ASC[0m
  [1m[35m (0.3ms)[0m  [1m[34mSELECT "ar_internal_metadata"."value" FROM "ar_internal_metadata" WHERE "ar_internal_metadata"."key" = $1[0m  [["key", "environment"]]
  [1m[35m (0.2ms)[0m  [1m[34mSELECT "schema_migrations"."version" FROM "schema_migrations" ORDER BY "schema_migrations"."version" ASC[0m
  [1m[35m (0.2ms)[0m  [1m[34mSELECT "ar_internal_metadata"."value" FROM "ar_internal_metadata" WHERE "ar_internal_metadata"."key" = $1[0m  [["key", "environment"]]
  [1m[35m (0.2ms)[0m  [1m[34mSELECT "schema_migrations"."version" FROM "schema_migrations" ORDER BY "schema_migrations"."version" ASC[0m
  [1m[35m (0.2ms)[0m  [1m[34mSELECT "ar_internal_metadata"."value" FROM "ar_internal_metadata" WHERE "ar_internal_metadata"."key" = $1[0m  [["key", "environment"]]
  [1m[35m (7752.5ms)[0m  [1m[35mDROP DATABASE IF EXISTS "nursingce_technical_development"[0m
  [1m[35m (0.6ms)[0m  [1m[34mSELECT "schema_migrations"."version" FROM "schema_migrations" ORDER BY "schema_migrations"."version" ASC[0m
  [1m[35m (0.2ms)[0m  [1m[35mBEGIN[0m
  [1m[36mAdminUser Exists (2.5ms)[0m  [1m[34mSELECT  1 AS one FROM "admin_users" WHERE "admin_users"."email" = $1 LIMIT $2[0m  [["email", "admin@example.com"], ["LIMIT", 1]]
  [1m[35m (0.2ms)[0m  [1m[31mROLLBACK[0m
  [1m[35m (0.7ms)[0m  [1m[34mSELECT "schema_migrations"."version" FROM "schema_migrations" ORDER BY "schema_migrations"."version" ASC[0m
  [1m[35m (0.3ms)[0m  [1m[34mSELECT "ar_internal_metadata"."value" FROM "ar_internal_metadata" WHERE "ar_internal_metadata"."key" = $1[0m  [["key", "environment"]]
  [1m[35m (0.2ms)[0m  [1m[34mSELECT "schema_migrations"."version" FROM "schema_migrations" ORDER BY "schema_migrations"."version" ASC[0m
  [1m[35m (0.2ms)[0m  [1m[34mSELECT "ar_internal_metadata"."value" FROM "ar_internal_metadata" WHERE "ar_internal_metadata"."key" = $1[0m  [["key", "environment"]]
  [1m[35m (0.2ms)[0m  [1m[34mSELECT "schema_migrations"."version" FROM "schema_migrations" ORDER BY "schema_migrations"."version" ASC[0m
  [1m[35m (0.2ms)[0m  [1m[34mSELECT "ar_internal_metadata"."value" FROM "ar_internal_metadata" WHERE "ar_internal_metadata"."key" = $1[0m  [["key", "environment"]]
  [1m[35m (225.1ms)[0m  [1m[35mDROP DATABASE IF EXISTS "nursingce_technical_development"[0m
  [1m[35m (215.4ms)[0m  [1m[35mDROP DATABASE IF EXISTS "nursingce_technical_test"[0m
  [1m[35m (33.5ms)[0m  [1m[35mCREATE TABLE "schema_migrations" ("version" character varying NOT NULL PRIMARY KEY)[0m
  [1m[35m (9.1ms)[0m  [1m[35mCREATE TABLE "ar_internal_metadata" ("key" character varying NOT NULL PRIMARY KEY, "value" character varying, "created_at" timestamp NOT NULL, "updated_at" timestamp NOT NULL)[0m
  [1m[35m (0.8ms)[0m  [1m[34mSELECT "schema_migrations"."version" FROM "schema_migrations" ORDER BY "schema_migrations"."version" ASC[0m
  [1m[35m (2.5ms)[0m  [1m[34mSELECT pg_try_advisory_lock(6633581997364192815)[0m
  [1m[35m (0.5ms)[0m  [1m[34mSELECT "schema_migrations"."version" FROM "schema_migrations" ORDER BY "schema_migrations"."version" ASC[0m
Migrating to DeviseCreateAdminUsers (20180606220229)
  [1m[35m (0.2ms)[0m  [1m[35mBEGIN[0m
  [1m[35m (9.2ms)[0m  [1m[35mCREATE TABLE "admin_users" ("id" bigserial primary key, "email" character varying DEFAULT '' NOT NULL, "encrypted_password" character varying DEFAULT '' NOT NULL, "reset_password_token" character varying, "reset_password_sent_at" timestamp, "remember_created_at" timestamp, "sign_in_count" integer DEFAULT 0 NOT NULL, "current_sign_in_at" timestamp, "last_sign_in_at" timestamp, "current_sign_in_ip" inet, "last_sign_in_ip" inet, "created_at" timestamp NOT NULL, "updated_at" timestamp NOT NULL)[0m
  [1m[35m (1.0ms)[0m  [1m[35mCREATE UNIQUE INDEX  "index_admin_users_on_email" ON "admin_users"  ("email")[0m
  [1m[35m (1.4ms)[0m  [1m[35mCREATE UNIQUE INDEX  "index_admin_users_on_reset_password_token" ON "admin_users"  ("reset_password_token")[0m
  [1m[35mSQL (0.9ms)[0m  [1m[32mINSERT INTO "schema_migrations" ("version") VALUES ($1) RETURNING "version"[0m  [["version", "20180606220229"]]
  [1m[35m (2.4ms)[0m  [1m[35mCOMMIT[0m
Migrating to CreateActiveAdminComments (20180606220234)
  [1m[35m (0.3ms)[0m  [1m[35mBEGIN[0m
  [1m[35m (3.7ms)[0m  [1m[35mCREATE TABLE "active_admin_comments" ("id" bigserial primary key, "namespace" character varying, "body" text, "resource_type" character varying, "resource_id" bigint, "author_type" character varying, "author_id" bigint, "created_at" timestamp NOT NULL, "updated_at" timestamp NOT NULL)[0m
  [1m[35m (1.2ms)[0m  [1m[35mCREATE  INDEX  "index_active_admin_comments_on_resource_type_and_resource_id" ON "active_admin_comments"  ("resource_type", "resource_id")[0m
  [1m[35m (1.7ms)[0m  [1m[35mCREATE  INDEX  "index_active_admin_comments_on_author_type_and_author_id" ON "active_admin_comments"  ("author_type", "author_id")[0m
  [1m[35m (1.5ms)[0m  [1m[35mCREATE  INDEX  "index_active_admin_comments_on_namespace" ON "active_admin_comments"  ("namespace")[0m
  [1m[35mSQL (0.2ms)[0m  [1m[32mINSERT INTO "schema_migrations" ("version") VALUES ($1) RETURNING "version"[0m  [["version", "20180606220234"]]
  [1m[35m (0.4ms)[0m  [1m[35mCOMMIT[0m
Migrating to CreatePosts (20180606222103)
  [1m[35m (0.4ms)[0m  [1m[35mBEGIN[0m
  [1m[35m (6.9ms)[0m  [1m[35mCREATE TABLE "posts" ("id" bigserial primary key, "image_url" character varying, "caption" character varying, "button_title" character varying, "first_name" character varying, "email" character varying, "created_at" timestamp NOT NULL, "updated_at" timestamp NOT NULL)[0m
  [1m[35mSQL (1.1ms)[0m  [1m[32mINSERT INTO "schema_migrations" ("version") VALUES ($1) RETURNING "version"[0m  [["version", "20180606222103"]]
  [1m[35m (0.7ms)[0m  [1m[35mCOMMIT[0m
  [1m[36mActiveRecord::InternalMetadata Load (0.5ms)[0m  [1m[34mSELECT  "ar_internal_metadata".* FROM "ar_internal_metadata" WHERE "ar_internal_metadata"."key" = $1 LIMIT $2[0m  [["key", "environment"], ["LIMIT", 1]]
  [1m[35m (0.2ms)[0m  [1m[35mBEGIN[0m
  [1m[35mSQL (0.7ms)[0m  [1m[32mINSERT INTO "ar_internal_metadata" ("key", "value", "created_at", "updated_at") VALUES ($1, $2, $3, $4) RETURNING "key"[0m  [["key", "environment"], ["value", "development"], ["created_at", "2018-06-06 22:52:56.035575"], ["updated_at", "2018-06-06 22:52:56.035575"]]
  [1m[35m (0.4ms)[0m  [1m[35mCOMMIT[0m
  [1m[35m (0.2ms)[0m  [1m[34mSELECT pg_advisory_unlock(6633581997364192815)[0m
  [1m[35m (0.2ms)[0m  [1m[34mSELECT "schema_migrations"."version" FROM "schema_migrations" ORDER BY "schema_migrations"."version" ASC[0m
  [1m[35m (0.6ms)[0m  [1m[34mSELECT "schema_migrations"."version" FROM "schema_migrations" ORDER BY "schema_migrations"."version" ASC[0m
  [1m[35m (0.2ms)[0m  [1m[35mBEGIN[0m
  [1m[36mAdminUser Exists (1.5ms)[0m  [1m[34mSELECT  1 AS one FROM "admin_users" WHERE "admin_users"."email" = $1 LIMIT $2[0m  [["email", "admin@example.com"], ["LIMIT", 1]]
  [1m[35mSQL (0.7ms)[0m  [1m[32mINSERT INTO "admin_users" ("email", "encrypted_password", "created_at", "updated_at") VALUES ($1, $2, $3, $4) RETURNING "id"[0m  [["email", "admin@example.com"], ["encrypted_password", "$2a$11$u3jdVLx4pckBBmB41SZXEe9kpSkxowoMjZoJEy8DoYppY/Pb6MK5G"], ["created_at", "2018-06-06 22:53:02.765972"], ["updated_at", "2018-06-06 22:53:02.765972"]]
  [1m[35m (0.5ms)[0m  [1m[35mCOMMIT[0m
  [1m[35m (0.2ms)[0m  [1m[35mBEGIN[0m
  [1m[35mSQL (0.8ms)[0m  [1m[32mINSERT INTO "posts" ("image_url", "caption", "button_title", "first_name", "email", "created_at", "updated_at") VALUES ($1, $2, $3, $4, $5, $6, $7) RETURNING "id"[0m  [["image_url", "http://webiconspng.com/wp-content/uploads/2017/09/Chuck-Norris-PNG-Image-22756.png"], ["caption", "Chuck Norris can write infinite recursion functions and have them return."], ["button_title", "Like"], ["first_name", "Chuck"], ["email", "chuck@chucknorris.io"], ["created_at", "2018-06-06 22:53:02.777975"], ["updated_at", "2018-06-06 22:53:02.777975"]]
  [1m[35m (0.4ms)[0m  [1m[35mCOMMIT[0m
Started GET "/" for 127.0.0.1 at 2018-06-06 18:53:29 -0400
  [1m[35m (1.3ms)[0m  [1m[34mSELECT "schema_migrations"."version" FROM "schema_migrations" ORDER BY "schema_migrations"."version" ASC[0m
Processing by HomeController#index as HTML
  Rendering home/index.html.erb within layouts/application
  Rendered home/index.html.erb within layouts/application (1.8ms)
Completed 200 OK in 3651ms (Views: 3638.0ms | ActiveRecord: 0.0ms)


Started GET "/admin" for 127.0.0.1 at 2018-06-06 18:53:41 -0400
Processing by Admin::DashboardController#index as HTML
  [1m[36mAdminUser Load (1.0ms)[0m  [1m[34mSELECT  "admin_users".* FROM "admin_users" WHERE "admin_users"."id" = $1 ORDER BY "admin_users"."id" ASC LIMIT $2[0m  [["id", 1], ["LIMIT", 1]]
  [1m[36mCACHE AdminUser Load (0.0ms)[0m  [1m[34mSELECT  "admin_users".* FROM "admin_users" WHERE "admin_users"."id" = $1 ORDER BY "admin_users"."id" ASC LIMIT $2[0m  [["id", 1], ["LIMIT", 1]]
Completed 401 Unauthorized in 77ms (ActiveRecord: 9.5ms)


Started GET "/admin/login" for 127.0.0.1 at 2018-06-06 18:53:41 -0400
Processing by ActiveAdmin::Devise::SessionsController#new as HTML
  Rendering /Users/Seph/.rbenv/versions/2.4.1/lib/ruby/gems/2.4.0/gems/activeadmin-1.3.0/app/views/active_admin/devise/sessions/new.html.erb within layouts/active_admin_logged_out
  Rendered /Users/Seph/.rbenv/versions/2.4.1/lib/ruby/gems/2.4.0/gems/activeadmin-1.3.0/app/views/active_admin/devise/shared/_links.erb (1.4ms)
  Rendered /Users/Seph/.rbenv/versions/2.4.1/lib/ruby/gems/2.4.0/gems/activeadmin-1.3.0/app/views/active_admin/devise/sessions/new.html.erb within layouts/active_admin_logged_out (87.5ms)
Completed 200 OK in 363ms (Views: 359.4ms | ActiveRecord: 0.0ms)


Started POST "/admin/login" for 127.0.0.1 at 2018-06-06 18:53:50 -0400
Processing by ActiveAdmin::Devise::SessionsController#create as HTML
  Parameters: {"utf8"=>"✓", "authenticity_token"=>"kRV51+U0tBO+t5BtQu0LJXMICUxuQh0DytfoVj+/CWkQP1xexSWVatQA6RchtnyosSeTrN2EK2DjS2Z0DtMuIQ==", "admin_user"=>{"email"=>"admin@example.com", "password"=>"[FILTERED]", "remember_me"=>"0"}, "commit"=>"Login"}
  [1m[36mAdminUser Load (1.3ms)[0m  [1m[34mSELECT  "admin_users".* FROM "admin_users" WHERE "admin_users"."email" = $1 ORDER BY "admin_users"."id" ASC LIMIT $2[0m  [["email", "admin@example.com"], ["LIMIT", 1]]
  [1m[35m (0.2ms)[0m  [1m[35mBEGIN[0m
  [1m[35mSQL (0.6ms)[0m  [1m[33mUPDATE "admin_users" SET "current_sign_in_at" = $1, "last_sign_in_at" = $2, "current_sign_in_ip" = $3, "last_sign_in_ip" = $4, "sign_in_count" = $5, "updated_at" = $6 WHERE "admin_users"."id" = $7[0m  [["current_sign_in_at", "2018-06-06 22:53:50.713450"], ["last_sign_in_at", "2018-06-06 22:53:50.713450"], ["current_sign_in_ip", "127.0.0.1/32"], ["last_sign_in_ip", "127.0.0.1/32"], ["sign_in_count", 1], ["updated_at", "2018-06-06 22:53:50.715102"], ["id", 1]]
  [1m[35m (1.7ms)[0m  [1m[35mCOMMIT[0m
Redirected to http://localhost:3000/admin
Completed 302 Found in 204ms (ActiveRecord: 3.7ms)


Started GET "/admin" for 127.0.0.1 at 2018-06-06 18:53:50 -0400
Processing by Admin::DashboardController#index as HTML
  [1m[36mAdminUser Load (0.4ms)[0m  [1m[34mSELECT  "admin_users".* FROM "admin_users" WHERE "admin_users"."id" = $1 ORDER BY "admin_users"."id" ASC LIMIT $2[0m  [["id", 1], ["LIMIT", 1]]
  Rendering /Users/Seph/.rbenv/versions/2.4.1/lib/ruby/gems/2.4.0/gems/activeadmin-1.3.0/app/views/active_admin/page/index.html.arb
  Rendered /Users/Seph/.rbenv/versions/2.4.1/lib/ruby/gems/2.4.0/gems/activeadmin-1.3.0/app/views/active_admin/page/index.html.arb (113.3ms)
Completed 200 OK in 130ms (Views: 123.8ms | ActiveRecord: 0.4ms)


Started GET "/admin/posts" for 127.0.0.1 at 2018-06-06 18:53:53 -0400
Processing by Admin::PostsController#index as HTML
  [1m[36mAdminUser Load (0.6ms)[0m  [1m[34mSELECT  "admin_users".* FROM "admin_users" WHERE "admin_users"."id" = $1 ORDER BY "admin_users"."id" ASC LIMIT $2[0m  [["id", 1], ["LIMIT", 1]]
  Rendering /Users/Seph/.rbenv/versions/2.4.1/lib/ruby/gems/2.4.0/gems/activeadmin-1.3.0/app/views/active_admin/resource/index.html.arb
  [1m[35m (0.7ms)[0m  [1m[34mSELECT COUNT(*) FROM (SELECT  1 AS one FROM "posts" LIMIT $1 OFFSET $2) subquery_for_count[0m  [["LIMIT", 30], ["OFFSET", 0]]
  [1m[35mCACHE  (0.0ms)[0m  [1m[34mSELECT COUNT(*) FROM (SELECT  1 AS one FROM "posts" LIMIT $1 OFFSET $2) subquery_for_count[0m  [["LIMIT", 30], ["OFFSET", 0]]
  [1m[35m (0.4ms)[0m  [1m[34mSELECT COUNT(*) FROM "posts"[0m
  [1m[35mCACHE  (0.0ms)[0m  [1m[34mSELECT COUNT(*) FROM (SELECT  1 AS one FROM "posts" LIMIT $1 OFFSET $2) subquery_for_count[0m  [["LIMIT", 30], ["OFFSET", 0]]
  [1m[36mPost Load (0.9ms)[0m  [1m[34mSELECT  "posts".* FROM "posts" ORDER BY "posts"."id" desc LIMIT $1 OFFSET $2[0m  [["LIMIT", 30], ["OFFSET", 0]]
  Rendered /Users/Seph/.rbenv/versions/2.4.1/lib/ruby/gems/2.4.0/gems/activeadmin-1.3.0/app/views/active_admin/resource/index.html.arb (177.2ms)
Completed 200 OK in 223ms (Views: 204.0ms | ActiveRecord: 6.4ms)


Started GET "/admin/posts/1/edit" for 127.0.0.1 at 2018-06-06 18:54:13 -0400
Processing by Admin::PostsController#edit as HTML
  Parameters: {"id"=>"1"}
  [1m[36mAdminUser Load (0.5ms)[0m  [1m[34mSELECT  "admin_users".* FROM "admin_users" WHERE "admin_users"."id" = $1 ORDER BY "admin_users"."id" ASC LIMIT $2[0m  [["id", 1], ["LIMIT", 1]]
  [1m[36mPost Load (0.2ms)[0m  [1m[34mSELECT  "posts".* FROM "posts" WHERE "posts"."id" = $1 LIMIT $2[0m  [["id", 1], ["LIMIT", 1]]
  Rendering /Users/Seph/.rbenv/versions/2.4.1/lib/ruby/gems/2.4.0/gems/activeadmin-1.3.0/app/views/active_admin/resource/edit.html.arb
  [1m[36mCACHE Post Load (0.0ms)[0m  [1m[34mSELECT  "posts".* FROM "posts" WHERE "posts"."id" = $1 LIMIT $2[0m  [["id", 1], ["LIMIT", 1]]
  Rendered /Users/Seph/.rbenv/versions/2.4.1/lib/ruby/gems/2.4.0/gems/activeadmin-1.3.0/app/views/active_admin/resource/edit.html.arb (142.4ms)
Completed 200 OK in 179ms (Views: 169.3ms | ActiveRecord: 1.0ms)


Started GET "/" for 127.0.0.1 at 2018-06-06 18:55:37 -0400
Processing by HomeController#index as HTML
  Rendering home/index.html.erb within layouts/application
  Rendered home/index.html.erb within layouts/application (1.5ms)
Completed 200 OK in 216ms (Views: 210.3ms | ActiveRecord: 0.0ms)


Started GET "/" for 127.0.0.1 at 2018-06-06 18:56:38 -0400
Processing by HomeController#index as HTML
  Rendering home/index.html.erb within layouts/application
  Rendered home/index.html.erb within layouts/application (0.7ms)
Completed 200 OK in 220ms (Views: 216.9ms | ActiveRecord: 0.0ms)


Started GET "/" for 127.0.0.1 at 2018-06-06 18:59:12 -0400
Processing by HomeController#index as HTML
  Rendering home/index.html.erb within layouts/application
  [1m[36mPost Load (0.2ms)[0m  [1m[34mSELECT "posts".* FROM "posts"[0m
  Rendered home/index.html.erb within layouts/application (13.9ms)
Completed 200 OK in 259ms (Views: 251.8ms | ActiveRecord: 3.6ms)


Started GET "/" for 127.0.0.1 at 2018-06-06 19:01:49 -0400
Processing by HomeController#index as HTML
  Rendering home/index.html.erb within layouts/application
  [1m[36mPost Load (0.4ms)[0m  [1m[34mSELECT "posts".* FROM "posts"[0m
  Rendered home/index.html.erb within layouts/application (3.1ms)
Completed 200 OK in 250ms (Views: 245.0ms | ActiveRecord: 0.4ms)


Started GET "/" for 127.0.0.1 at 2018-06-06 19:03:44 -0400
Processing by HomeController#index as HTML
  Rendering home/index.html.erb within layouts/application
  Rendered home/index.html.erb within layouts/application (0.9ms)
Completed 401 Unauthorized in 25ms (ActiveRecord: 0.0ms)


  
SyntaxError (/Users/Seph/code/rails/nursingce_technical/app/views/home/index.html.erb:10: syntax error, unexpected keyword_ensure, expecting end-of-input
          ensure
                ^):
  
app/views/home/index.html.erb:10: syntax error, unexpected keyword_ensure, expecting end-of-input
Started GET "/" for 127.0.0.1 at 2018-06-06 19:05:36 -0400
Processing by HomeController#index as HTML
  Rendering home/index.html.erb within layouts/application
  Rendered home/index.html.erb within layouts/application (1.5ms)
Completed 401 Unauthorized in 28ms (ActiveRecord: 0.0ms)


  
SyntaxError (/Users/Seph/code/rails/nursingce_technical/app/views/home/index.html.erb:10: syntax error, unexpected keyword_ensure, expecting end-of-input
          ensure
                ^):
  
app/views/home/index.html.erb:10: syntax error, unexpected keyword_ensure, expecting end-of-input
Started GET "/" for 127.0.0.1 at 2018-06-06 19:05:46 -0400
Processing by HomeController#index as HTML
  Rendering home/index.html.erb within layouts/application
  Rendered home/index.html.erb within layouts/application (0.8ms)
Completed 401 Unauthorized in 21ms (ActiveRecord: 0.0ms)


  
SyntaxError (/Users/Seph/code/rails/nursingce_technical/app/views/home/index.html.erb:4: syntax error, unexpected keyword_class, expecting ')'
ppend=( content_tag :div class: "center" );@output_buffer.sa
                              ^
/Users/Seph/code/rails/nursingce_technical/app/views/home/index.html.erb:10: syntax error, unexpected keyword_ensure, expecting end-of-input
          ensure
                ^):
  
app/views/home/index.html.erb:4: syntax error, unexpected keyword_class, expecting ')'
app/views/home/index.html.erb:10: syntax error, unexpected keyword_ensure, expecting end-of-input
Started GET "/" for 127.0.0.1 at 2018-06-06 19:06:19 -0400
Processing by HomeController#index as HTML
  Rendering home/index.html.erb within layouts/application
  [1m[36mPost Load (0.3ms)[0m  [1m[34mSELECT "posts".* FROM "posts"[0m
  Rendered home/index.html.erb within layouts/application (2.3ms)
Completed 200 OK in 175ms (Views: 171.2ms | ActiveRecord: 0.3ms)


Started GET "/" for 127.0.0.1 at 2018-06-06 19:06:33 -0400
Processing by HomeController#index as HTML
  Rendering home/index.html.erb within layouts/application
  [1m[36mPost Load (0.4ms)[0m  [1m[34mSELECT "posts".* FROM "posts"[0m
  Rendered home/index.html.erb within layouts/application (2.7ms)
Completed 200 OK in 195ms (Views: 191.0ms | ActiveRecord: 0.4ms)


Started GET "/" for 127.0.0.1 at 2018-06-06 19:06:39 -0400
Processing by HomeController#index as HTML
  Rendering home/index.html.erb within layouts/application
  [1m[36mPost Load (1.0ms)[0m  [1m[34mSELECT "posts".* FROM "posts"[0m
  Rendered home/index.html.erb within layouts/application (3.3ms)
Completed 200 OK in 175ms (Views: 170.2ms | ActiveRecord: 1.0ms)


Started GET "/" for 127.0.0.1 at 2018-06-06 19:06:49 -0400
Processing by HomeController#index as HTML
  Rendering home/index.html.erb within layouts/application
  [1m[36mPost Load (0.3ms)[0m  [1m[34mSELECT "posts".* FROM "posts"[0m
  Rendered home/index.html.erb within layouts/application (2.4ms)
Completed 200 OK in 164ms (Views: 160.0ms | ActiveRecord: 0.3ms)


Started GET "/" for 127.0.0.1 at 2018-06-06 19:07:19 -0400
Processing by HomeController#index as HTML
  Rendering home/index.html.erb within layouts/application
  [1m[36mPost Load (0.6ms)[0m  [1m[34mSELECT "posts".* FROM "posts"[0m
  Rendered home/index.html.erb within layouts/application (2.9ms)
Completed 200 OK in 159ms (Views: 155.2ms | ActiveRecord: 0.6ms)


Started GET "/" for 127.0.0.1 at 2018-06-06 19:07:31 -0400
Processing by HomeController#index as HTML
  Rendering home/index.html.erb within layouts/application
  [1m[36mPost Load (0.5ms)[0m  [1m[34mSELECT "posts".* FROM "posts"[0m
  Rendered home/index.html.erb within layouts/application (2.7ms)
Completed 200 OK in 164ms (Views: 159.7ms | ActiveRecord: 0.5ms)


Started GET "/" for 127.0.0.1 at 2018-06-06 19:08:33 -0400
Processing by HomeController#index as HTML
  Rendering home/index.html.erb within layouts/application
  [1m[36mPost Load (0.3ms)[0m  [1m[34mSELECT "posts".* FROM "posts"[0m
  Rendered home/index.html.erb within layouts/application (2.0ms)
Completed 200 OK in 171ms (Views: 166.1ms | ActiveRecord: 0.3ms)


Started GET "/" for 127.0.0.1 at 2018-06-06 19:08:58 -0400
Processing by HomeController#index as HTML
  Rendering home/index.html.erb within layouts/application
  [1m[36mPost Load (0.6ms)[0m  [1m[34mSELECT "posts".* FROM "posts"[0m
  Rendered home/index.html.erb within layouts/application (3.3ms)
Completed 200 OK in 177ms (Views: 171.0ms | ActiveRecord: 0.6ms)


Started GET "/" for 127.0.0.1 at 2018-06-06 19:09:17 -0400
Processing by HomeController#index as HTML
  Rendering home/index.html.erb within layouts/application
  [1m[36mPost Load (0.3ms)[0m  [1m[34mSELECT "posts".* FROM "posts"[0m
  Rendered home/index.html.erb within layouts/application (2.6ms)
Completed 200 OK in 298ms (Views: 294.5ms | ActiveRecord: 0.3ms)


Started GET "/" for 127.0.0.1 at 2018-06-06 19:09:32 -0400
Processing by HomeController#index as HTML
  Rendering home/index.html.erb within layouts/application
  [1m[36mPost Load (0.4ms)[0m  [1m[34mSELECT "posts".* FROM "posts"[0m
  Rendered home/index.html.erb within layouts/application (3.0ms)
Completed 200 OK in 161ms (Views: 154.6ms | ActiveRecord: 0.4ms)


Started GET "/" for 127.0.0.1 at 2018-06-06 19:10:22 -0400
Processing by HomeController#index as HTML
  Rendering home/index.html.erb within layouts/application
  [1m[36mPost Load (0.4ms)[0m  [1m[34mSELECT "posts".* FROM "posts"[0m
  Rendered home/index.html.erb within layouts/application (4.9ms)
Completed 200 OK in 188ms (Views: 183.0ms | ActiveRecord: 0.4ms)


Started GET "/" for 127.0.0.1 at 2018-06-06 19:12:02 -0400
Processing by HomeController#index as HTML
  Rendering home/index.html.erb within layouts/application
  [1m[36mPost Load (1.6ms)[0m  [1m[34mSELECT "posts".* FROM "posts"[0m
  Rendered home/index.html.erb within layouts/application (4.3ms)
Completed 200 OK in 176ms (Views: 169.9ms | ActiveRecord: 1.6ms)


Started GET "/" for 127.0.0.1 at 2018-06-06 19:13:49 -0400
Processing by HomeController#index as HTML
  Rendering home/index.html.erb within layouts/application
  [1m[36mPost Load (0.3ms)[0m  [1m[34mSELECT "posts".* FROM "posts"[0m
  Rendered home/index.html.erb within layouts/application (2.5ms)
Completed 200 OK in 188ms (Views: 183.3ms | ActiveRecord: 0.3ms)


Started GET "/" for 127.0.0.1 at 2018-06-06 19:14:51 -0400
Processing by HomeController#index as HTML
  Rendering home/index.html.erb within layouts/application
  [1m[36mPost Load (0.4ms)[0m  [1m[34mSELECT "posts".* FROM "posts"[0m
  Rendered home/index.html.erb within layouts/application (3.3ms)
Completed 200 OK in 183ms (Views: 178.8ms | ActiveRecord: 0.4ms)


Started GET "/" for 127.0.0.1 at 2018-06-06 19:34:47 -0400
  [1m[35m (1.7ms)[0m  [1m[34mSELECT "schema_migrations"."version" FROM "schema_migrations" ORDER BY "schema_migrations"."version" ASC[0m
Processing by HomeController#index as HTML
  Rendering home/index.html.erb within layouts/application
  [1m[36mPost Load (1.4ms)[0m  [1m[34mSELECT "posts".* FROM "posts"[0m
  Rendered home/index.html.erb within layouts/application (16.9ms)
Completed 200 OK in 770ms (Views: 754.6ms | ActiveRecord: 5.3ms)


Started GET "/" for 127.0.0.1 at 2018-06-06 19:35:20 -0400
Processing by HomeController#index as HTML
  Rendering home/index.html.erb within layouts/application
  [1m[36mPost Load (0.4ms)[0m  [1m[34mSELECT "posts".* FROM "posts"[0m
  Rendered home/index.html.erb within layouts/application (4.3ms)
Completed 200 OK in 163ms (Views: 157.2ms | ActiveRecord: 0.4ms)


Started GET "/" for 127.0.0.1 at 2018-06-06 19:35:31 -0400
Processing by HomeController#index as HTML
  Rendering home/index.html.erb within layouts/application
  [1m[36mPost Load (0.4ms)[0m  [1m[34mSELECT "posts".* FROM "posts"[0m
  Rendered home/index.html.erb within layouts/application (3.4ms)
Completed 200 OK in 169ms (Views: 162.6ms | ActiveRecord: 0.4ms)


Started GET "/" for 127.0.0.1 at 2018-06-06 19:36:00 -0400
Processing by HomeController#index as HTML
  Rendering home/index.html.erb within layouts/application
  [1m[36mPost Load (0.4ms)[0m  [1m[34mSELECT "posts".* FROM "posts"[0m
  Rendered home/index.html.erb within layouts/application (3.0ms)
Completed 200 OK in 149ms (Views: 144.3ms | ActiveRecord: 0.4ms)


Started GET "/" for 127.0.0.1 at 2018-06-06 19:37:24 -0400
Processing by HomeController#index as HTML
  Rendering home/index.html.erb within layouts/application
  [1m[36mPost Load (0.4ms)[0m  [1m[34mSELECT "posts".* FROM "posts"[0m
  Rendered home/index.html.erb within layouts/application (2.9ms)
Completed 200 OK in 5239ms (Views: 5233.0ms | ActiveRecord: 0.4ms)


Started GET "/" for 127.0.0.1 at 2018-06-06 19:38:39 -0400
Processing by HomeController#index as HTML
  Rendering home/index.html.erb within layouts/application
  [1m[36mPost Load (0.4ms)[0m  [1m[34mSELECT "posts".* FROM "posts"[0m
  Rendered home/index.html.erb within layouts/application (4.1ms)
Completed 200 OK in 177ms (Views: 170.0ms | ActiveRecord: 0.4ms)


Started GET "/" for 127.0.0.1 at 2018-06-06 19:38:58 -0400
Processing by HomeController#index as HTML
  Rendering home/index.html.erb within layouts/application
  [1m[36mPost Load (0.6ms)[0m  [1m[34mSELECT "posts".* FROM "posts"[0m
  Rendered home/index.html.erb within layouts/application (3.5ms)
Completed 200 OK in 155ms (Views: 149.9ms | ActiveRecord: 0.6ms)


Started GET "/" for 127.0.0.1 at 2018-06-06 19:40:32 -0400
Processing by HomeController#index as HTML
  Rendering home/index.html.erb within layouts/application
  [1m[36mPost Load (0.3ms)[0m  [1m[34mSELECT "posts".* FROM "posts"[0m
  Rendered home/index.html.erb within layouts/application (2.7ms)
Completed 200 OK in 161ms (Views: 155.9ms | ActiveRecord: 0.3ms)


Started GET "/" for 127.0.0.1 at 2018-06-06 19:41:53 -0400
Processing by HomeController#index as HTML
  Rendering home/index.html.erb within layouts/application
  Rendered home/index.html.erb within layouts/application (1.1ms)
Completed 401 Unauthorized in 26ms (ActiveRecord: 0.0ms)


  
SyntaxError (/Users/Seph/code/rails/nursingce_technical/app/views/home/index.html.erb:16: syntax error, unexpected keyword_ensure, expecting keyword_end
          ensure
                ^):
  
app/views/home/index.html.erb:16: syntax error, unexpected keyword_ensure, expecting keyword_end
Started GET "/" for 127.0.0.1 at 2018-06-06 19:42:06 -0400
Processing by HomeController#index as HTML
  Rendering home/index.html.erb within layouts/application
  [1m[36mPost Load (1.8ms)[0m  [1m[34mSELECT "posts".* FROM "posts"[0m
  Rendered home/index.html.erb within layouts/application (5.1ms)
Completed 200 OK in 228ms (Views: 220.7ms | ActiveRecord: 1.8ms)


Started GET "/" for 127.0.0.1 at 2018-06-06 19:42:27 -0400
Processing by HomeController#index as HTML
  Rendering home/index.html.erb within layouts/application
  [1m[36mPost Load (2.0ms)[0m  [1m[34mSELECT "posts".* FROM "posts"[0m
  Rendered home/index.html.erb within layouts/application (6.0ms)
Completed 200 OK in 168ms (Views: 160.5ms | ActiveRecord: 2.0ms)


Started GET "/" for 127.0.0.1 at 2018-06-06 19:43:00 -0400
Processing by HomeController#index as HTML
  Rendering home/index.html.erb within layouts/application
  [1m[36mPost Load (0.3ms)[0m  [1m[34mSELECT "posts".* FROM "posts"[0m
  Rendered home/index.html.erb within layouts/application (2.7ms)
Completed 200 OK in 191ms (Views: 184.6ms | ActiveRecord: 0.3ms)


Started PATCH "/admin/posts/1" for 127.0.0.1 at 2018-06-06 19:43:13 -0400
Processing by Admin::PostsController#update as HTML
  Parameters: {"utf8"=>"✓", "authenticity_token"=>"L2hGdKqondYBimNlhslqZ0jsAMb6ZzbGJ+lVqZabPXqdMgTE4XTF2ZQSEMRLwfdlnZzDs5vcFE+H0xC4xxT4TA==", "post"=>{"image_url"=>"http://webiconspng.com/wp-content/uploads/2017/09/Chuck-Norris-PNG-Image-22756.png", "caption"=>"Chuck Norris can write infinite recursion functions and have them return.", "button_title"=>"Like a lot", "first_name"=>"Chuck", "email"=>"chuck@chucknorris.io"}, "commit"=>"Update Post", "id"=>"1"}
  [1m[36mAdminUser Load (1.5ms)[0m  [1m[34mSELECT  "admin_users".* FROM "admin_users" WHERE "admin_users"."id" = $1 ORDER BY "admin_users"."id" ASC LIMIT $2[0m  [["id", 1], ["LIMIT", 1]]
  [1m[36mPost Load (0.3ms)[0m  [1m[34mSELECT  "posts".* FROM "posts" WHERE "posts"."id" = $1 LIMIT $2[0m  [["id", 1], ["LIMIT", 1]]
Unpermitted parameters: :image_url, :caption, :button_title, :first_name, :email
  [1m[35m (0.7ms)[0m  [1m[35mBEGIN[0m
  [1m[35m (0.2ms)[0m  [1m[35mCOMMIT[0m
Redirected to http://localhost:3000/admin/posts/1
Completed 302 Found in 106ms (ActiveRecord: 8.7ms)


Started GET "/admin/posts/1" for 127.0.0.1 at 2018-06-06 19:43:13 -0400
Processing by Admin::PostsController#show as HTML
  Parameters: {"id"=>"1"}
  [1m[36mAdminUser Load (0.3ms)[0m  [1m[34mSELECT  "admin_users".* FROM "admin_users" WHERE "admin_users"."id" = $1 ORDER BY "admin_users"."id" ASC LIMIT $2[0m  [["id", 1], ["LIMIT", 1]]
  [1m[36mPost Load (0.2ms)[0m  [1m[34mSELECT  "posts".* FROM "posts" WHERE "posts"."id" = $1 LIMIT $2[0m  [["id", 1], ["LIMIT", 1]]
  Rendering /Users/Seph/.rbenv/versions/2.4.1/lib/ruby/gems/2.4.0/gems/activeadmin-1.3.0/app/views/active_admin/resource/show.html.arb
  [1m[35m (4.4ms)[0m  [1m[34mSELECT COUNT(*) FROM "active_admin_comments" WHERE "active_admin_comments"."resource_type" = $1 AND "active_admin_comments"."resource_id" = 1 AND "active_admin_comments"."namespace" = $2[0m  [["resource_type", "Post"], ["namespace", "admin"]]
  [1m[36mActiveAdmin::Comment Exists (0.5ms)[0m  [1m[34mSELECT  1 AS one FROM "active_admin_comments" WHERE "active_admin_comments"."resource_type" = $1 AND "active_admin_comments"."resource_id" = 1 AND "active_admin_comments"."namespace" = $2 LIMIT $3 OFFSET $4[0m  [["resource_type", "Post"], ["namespace", "admin"], ["LIMIT", 1], ["OFFSET", 0]]
  Rendered /Users/Seph/.rbenv/versions/2.4.1/lib/ruby/gems/2.4.0/gems/activeadmin-1.3.0/app/views/active_admin/resource/show.html.arb (288.9ms)
Completed 200 OK in 314ms (Views: 302.9ms | ActiveRecord: 8.9ms)


Started GET "/" for 127.0.0.1 at 2018-06-06 19:43:18 -0400
Processing by HomeController#index as HTML
  Rendering home/index.html.erb within layouts/application
  [1m[36mPost Load (1.2ms)[0m  [1m[34mSELECT "posts".* FROM "posts"[0m
  Rendered home/index.html.erb within layouts/application (4.7ms)
Completed 200 OK in 152ms (Views: 145.2ms | ActiveRecord: 1.2ms)


Started GET "/admin/posts/1/edit" for 127.0.0.1 at 2018-06-06 19:43:40 -0400
Processing by Admin::PostsController#edit as HTML
  Parameters: {"id"=>"1"}
  [1m[36mAdminUser Load (0.7ms)[0m  [1m[34mSELECT  "admin_users".* FROM "admin_users" WHERE "admin_users"."id" = $1 ORDER BY "admin_users"."id" ASC LIMIT $2[0m  [["id", 1], ["LIMIT", 1]]
  [1m[36mPost Load (0.5ms)[0m  [1m[34mSELECT  "posts".* FROM "posts" WHERE "posts"."id" = $1 LIMIT $2[0m  [["id", 1], ["LIMIT", 1]]
  Rendering /Users/Seph/.rbenv/versions/2.4.1/lib/ruby/gems/2.4.0/gems/activeadmin-1.3.0/app/views/active_admin/resource/edit.html.arb
  [1m[36mCACHE Post Load (0.0ms)[0m  [1m[34mSELECT  "posts".* FROM "posts" WHERE "posts"."id" = $1 LIMIT $2[0m  [["id", 1], ["LIMIT", 1]]
  Rendered /Users/Seph/.rbenv/versions/2.4.1/lib/ruby/gems/2.4.0/gems/activeadmin-1.3.0/app/views/active_admin/resource/edit.html.arb (153.5ms)
Completed 200 OK in 188ms (Views: 181.3ms | ActiveRecord: 1.2ms)


Started PATCH "/admin/posts/1" for 127.0.0.1 at 2018-06-06 19:43:44 -0400
Processing by Admin::PostsController#update as HTML
  Parameters: {"utf8"=>"✓", "authenticity_token"=>"OFn91aAwq1+BBE/xqK3zrnlwxv28/kp5TG1/Hf+aWu+KA79l6+zzUBScPFBlpW6srAAFiN1FaPDsVzoMrhWf2Q==", "post"=>{"image_url"=>"http://webiconspng.com/wp-content/uploads/2017/09/Chuck-Norris-PNG-Image-22756.png", "caption"=>"Chuck Norris can write infinite recursion functions and have them return.", "button_title"=>"Like a lot", "first_name"=>"Chuck", "email"=>"chuck@chucknorris.io"}, "commit"=>"Update Post", "id"=>"1"}
  [1m[36mAdminUser Load (1.5ms)[0m  [1m[34mSELECT  "admin_users".* FROM "admin_users" WHERE "admin_users"."id" = $1 ORDER BY "admin_users"."id" ASC LIMIT $2[0m  [["id", 1], ["LIMIT", 1]]
  [1m[36mPost Load (0.4ms)[0m  [1m[34mSELECT  "posts".* FROM "posts" WHERE "posts"."id" = $1 LIMIT $2[0m  [["id", 1], ["LIMIT", 1]]
Unpermitted parameters: :image_url, :caption, :button_title, :first_name, :email
  [1m[35m (0.2ms)[0m  [1m[35mBEGIN[0m
  [1m[35m (0.7ms)[0m  [1m[35mCOMMIT[0m
Redirected to http://localhost:3000/admin/posts/1
Completed 302 Found in 92ms (ActiveRecord: 2.7ms)


Started GET "/admin/posts/1" for 127.0.0.1 at 2018-06-06 19:43:44 -0400
Processing by Admin::PostsController#show as HTML
  Parameters: {"id"=>"1"}
  [1m[36mAdminUser Load (0.4ms)[0m  [1m[34mSELECT  "admin_users".* FROM "admin_users" WHERE "admin_users"."id" = $1 ORDER BY "admin_users"."id" ASC LIMIT $2[0m  [["id", 1], ["LIMIT", 1]]
  [1m[36mPost Load (0.2ms)[0m  [1m[34mSELECT  "posts".* FROM "posts" WHERE "posts"."id" = $1 LIMIT $2[0m  [["id", 1], ["LIMIT", 1]]
  Rendering /Users/Seph/.rbenv/versions/2.4.1/lib/ruby/gems/2.4.0/gems/activeadmin-1.3.0/app/views/active_admin/resource/show.html.arb
  [1m[35m (0.4ms)[0m  [1m[34mSELECT COUNT(*) FROM "active_admin_comments" WHERE "active_admin_comments"."resource_type" = $1 AND "active_admin_comments"."resource_id" = 1 AND "active_admin_comments"."namespace" = $2[0m  [["resource_type", "Post"], ["namespace", "admin"]]
  [1m[36mActiveAdmin::Comment Exists (0.4ms)[0m  [1m[34mSELECT  1 AS one FROM "active_admin_comments" WHERE "active_admin_comments"."resource_type" = $1 AND "active_admin_comments"."resource_id" = 1 AND "active_admin_comments"."namespace" = $2 LIMIT $3 OFFSET $4[0m  [["resource_type", "Post"], ["namespace", "admin"], ["LIMIT", 1], ["OFFSET", 0]]
  Rendered /Users/Seph/.rbenv/versions/2.4.1/lib/ruby/gems/2.4.0/gems/activeadmin-1.3.0/app/views/active_admin/resource/show.html.arb (153.2ms)
Completed 200 OK in 186ms (Views: 182.0ms | ActiveRecord: 1.3ms)


Started GET "/admin/posts/1" for 127.0.0.1 at 2018-06-06 19:44:56 -0400
Processing by Admin::PostsController#show as HTML
  Parameters: {"id"=>"1"}
  [1m[36mAdminUser Load (0.4ms)[0m  [1m[34mSELECT  "admin_users".* FROM "admin_users" WHERE "admin_users"."id" = $1 ORDER BY "admin_users"."id" ASC LIMIT $2[0m  [["id", 1], ["LIMIT", 1]]
  [1m[36mPost Load (0.3ms)[0m  [1m[34mSELECT  "posts".* FROM "posts" WHERE "posts"."id" = $1 LIMIT $2[0m  [["id", 1], ["LIMIT", 1]]
  Rendering /Users/Seph/.rbenv/versions/2.4.1/lib/ruby/gems/2.4.0/gems/activeadmin-1.3.0/app/views/active_admin/resource/show.html.arb
  [1m[35m (0.4ms)[0m  [1m[34mSELECT COUNT(*) FROM "active_admin_comments" WHERE "active_admin_comments"."resource_type" = $1 AND "active_admin_comments"."resource_id" = 1 AND "active_admin_comments"."namespace" = $2[0m  [["resource_type", "Post"], ["namespace", "admin"]]
  [1m[36mActiveAdmin::Comment Exists (0.4ms)[0m  [1m[34mSELECT  1 AS one FROM "active_admin_comments" WHERE "active_admin_comments"."resource_type" = $1 AND "active_admin_comments"."resource_id" = 1 AND "active_admin_comments"."namespace" = $2 LIMIT $3 OFFSET $4[0m  [["resource_type", "Post"], ["namespace", "admin"], ["LIMIT", 1], ["OFFSET", 0]]
  Rendered /Users/Seph/.rbenv/versions/2.4.1/lib/ruby/gems/2.4.0/gems/activeadmin-1.3.0/app/views/active_admin/resource/show.html.arb (206.0ms)
Completed 200 OK in 292ms (Views: 233.0ms | ActiveRecord: 8.2ms)


Started GET "/admin/posts/1/edit" for 127.0.0.1 at 2018-06-06 19:44:59 -0400
Processing by Admin::PostsController#edit as HTML
  Parameters: {"id"=>"1"}
  [1m[36mAdminUser Load (0.5ms)[0m  [1m[34mSELECT  "admin_users".* FROM "admin_users" WHERE "admin_users"."id" = $1 ORDER BY "admin_users"."id" ASC LIMIT $2[0m  [["id", 1], ["LIMIT", 1]]
  [1m[36mPost Load (0.3ms)[0m  [1m[34mSELECT  "posts".* FROM "posts" WHERE "posts"."id" = $1 LIMIT $2[0m  [["id", 1], ["LIMIT", 1]]
  Rendering /Users/Seph/.rbenv/versions/2.4.1/lib/ruby/gems/2.4.0/gems/activeadmin-1.3.0/app/views/active_admin/resource/edit.html.arb
  [1m[36mCACHE Post Load (0.0ms)[0m  [1m[34mSELECT  "posts".* FROM "posts" WHERE "posts"."id" = $1 LIMIT $2[0m  [["id", 1], ["LIMIT", 1]]
  Rendered /Users/Seph/.rbenv/versions/2.4.1/lib/ruby/gems/2.4.0/gems/activeadmin-1.3.0/app/views/active_admin/resource/edit.html.arb (170.3ms)
Completed 200 OK in 204ms (Views: 197.9ms | ActiveRecord: 0.8ms)


Started PATCH "/admin/posts/1" for 127.0.0.1 at 2018-06-06 19:45:13 -0400
Processing by Admin::PostsController#update as HTML
  Parameters: {"utf8"=>"✓", "authenticity_token"=>"yQXvtA2US/kW8AYzR16Ma98gTiZtC7h4mrjByEmrVyV7X60ERkgT9oNodZKKVhFpClCNUwywmvE6goTZGCSSEw==", "post"=>{"image_url"=>"http://webiconspng.com/wp-content/uploads/2017/09/Chuck-Norris-PNG-Image-22756.png", "caption"=>"Chuck Norris can write infinite recursion functions and have them return.", "button_title"=>"Like this", "first_name"=>"Chuck", "email"=>"chuck@chucknorris.io"}, "commit"=>"Update Post", "id"=>"1"}
  [1m[36mAdminUser Load (0.8ms)[0m  [1m[34mSELECT  "admin_users".* FROM "admin_users" WHERE "admin_users"."id" = $1 ORDER BY "admin_users"."id" ASC LIMIT $2[0m  [["id", 1], ["LIMIT", 1]]
  [1m[36mPost Load (0.4ms)[0m  [1m[34mSELECT  "posts".* FROM "posts" WHERE "posts"."id" = $1 LIMIT $2[0m  [["id", 1], ["LIMIT", 1]]
  [1m[35m (0.2ms)[0m  [1m[35mBEGIN[0m
  [1m[35mSQL (4.6ms)[0m  [1m[33mUPDATE "posts" SET "button_title" = $1, "updated_at" = $2 WHERE "posts"."id" = $3[0m  [["button_title", "Like this"], ["updated_at", "2018-06-06 23:45:13.584388"], ["id", 1]]
  [1m[35m (12.9ms)[0m  [1m[35mCOMMIT[0m
Redirected to http://localhost:3000/admin/posts/1
Completed 302 Found in 121ms (ActiveRecord: 18.8ms)


Started GET "/admin/posts/1" for 127.0.0.1 at 2018-06-06 19:45:13 -0400
Processing by Admin::PostsController#show as HTML
  Parameters: {"id"=>"1"}
  [1m[36mAdminUser Load (0.4ms)[0m  [1m[34mSELECT  "admin_users".* FROM "admin_users" WHERE "admin_users"."id" = $1 ORDER BY "admin_users"."id" ASC LIMIT $2[0m  [["id", 1], ["LIMIT", 1]]
  [1m[36mPost Load (0.4ms)[0m  [1m[34mSELECT  "posts".* FROM "posts" WHERE "posts"."id" = $1 LIMIT $2[0m  [["id", 1], ["LIMIT", 1]]
  Rendering /Users/Seph/.rbenv/versions/2.4.1/lib/ruby/gems/2.4.0/gems/activeadmin-1.3.0/app/views/active_admin/resource/show.html.arb
  [1m[35m (0.4ms)[0m  [1m[34mSELECT COUNT(*) FROM "active_admin_comments" WHERE "active_admin_comments"."resource_type" = $1 AND "active_admin_comments"."resource_id" = 1 AND "active_admin_comments"."namespace" = $2[0m  [["resource_type", "Post"], ["namespace", "admin"]]
  [1m[36mActiveAdmin::Comment Exists (0.8ms)[0m  [1m[34mSELECT  1 AS one FROM "active_admin_comments" WHERE "active_admin_comments"."resource_type" = $1 AND "active_admin_comments"."resource_id" = 1 AND "active_admin_comments"."namespace" = $2 LIMIT $3 OFFSET $4[0m  [["resource_type", "Post"], ["namespace", "admin"], ["LIMIT", 1], ["OFFSET", 0]]
  Rendered /Users/Seph/.rbenv/versions/2.4.1/lib/ruby/gems/2.4.0/gems/activeadmin-1.3.0/app/views/active_admin/resource/show.html.arb (176.6ms)
Completed 200 OK in 233ms (Views: 227.6ms | ActiveRecord: 2.0ms)


Started GET "/" for 127.0.0.1 at 2018-06-06 19:45:20 -0400
Processing by HomeController#index as HTML
  Rendering home/index.html.erb within layouts/application
  [1m[36mPost Load (0.6ms)[0m  [1m[34mSELECT "posts".* FROM "posts"[0m
  Rendered home/index.html.erb within layouts/application (5.1ms)
Completed 200 OK in 235ms (Views: 230.1ms | ActiveRecord: 0.6ms)


Started GET "/" for 127.0.0.1 at 2018-06-06 20:27:53 -0400
  [1m[35m (4.1ms)[0m  [1m[34mSELECT "schema_migrations"."version" FROM "schema_migrations" ORDER BY "schema_migrations"."version" ASC[0m
Processing by HomeController#index as HTML
  Rendering home/index.html.erb within layouts/application
  [1m[36mPost Load (8.4ms)[0m  [1m[34mSELECT "posts".* FROM "posts"[0m
  Rendered home/index.html.erb within layouts/application (72.4ms)
Completed 401 Unauthorized in 122ms (ActiveRecord: 54.8ms)


  
SyntaxError (/Users/Seph/code/rails/nursingce_technical/app/views/layouts/application.html.erb:14: syntax error, unexpected keyword_end
ze;@output_buffer.append=( end );@output_buffer.safe_append=
                              ^
/Users/Seph/code/rails/nursingce_technical/app/views/layouts/application.html.erb:19: syntax error, unexpected keyword_ensure, expecting ')'
          ensure
                ^
/Users/Seph/code/rails/nursingce_technical/app/views/layouts/application.html.erb:21: syntax error, unexpected keyword_end, expecting ')'
          end
             ^):
  
app/views/layouts/application.html.erb:14: syntax error, unexpected keyword_end
app/views/layouts/application.html.erb:19: syntax error, unexpected keyword_ensure, expecting ')'
app/views/layouts/application.html.erb:21: syntax error, unexpected keyword_end, expecting ')'
Started GET "/" for 127.0.0.1 at 2018-06-06 20:28:01 -0400
Processing by HomeController#index as HTML
  Rendering home/index.html.erb within layouts/application
  [1m[36mPost Load (0.3ms)[0m  [1m[34mSELECT "posts".* FROM "posts"[0m
  Rendered home/index.html.erb within layouts/application (2.4ms)
Completed 200 OK in 1282ms (Views: 1278.9ms | ActiveRecord: 0.3ms)


Started GET "/" for 127.0.0.1 at 2018-06-06 20:28:52 -0400
Processing by HomeController#index as HTML
  Rendering home/index.html.erb within layouts/application
  [1m[36mPost Load (0.2ms)[0m  [1m[34mSELECT "posts".* FROM "posts"[0m
  Rendered home/index.html.erb within layouts/application (2.3ms)
Completed 200 OK in 128ms (Views: 123.9ms | ActiveRecord: 0.2ms)


Started GET "/" for 127.0.0.1 at 2018-06-06 20:28:59 -0400
Processing by HomeController#index as HTML
  Rendering home/index.html.erb within layouts/application
  [1m[36mPost Load (0.3ms)[0m  [1m[34mSELECT "posts".* FROM "posts"[0m
  Rendered home/index.html.erb within layouts/application (2.1ms)
Completed 200 OK in 158ms (Views: 153.6ms | ActiveRecord: 0.3ms)


Started GET "/admin/posts/1/edit" for 127.0.0.1 at 2018-06-06 20:29:12 -0400
Processing by Admin::PostsController#edit as HTML
  Parameters: {"id"=>"1"}
  [1m[36mAdminUser Load (39.5ms)[0m  [1m[34mSELECT  "admin_users".* FROM "admin_users" WHERE "admin_users"."id" = $1 ORDER BY "admin_users"."id" ASC LIMIT $2[0m  [["id", 1], ["LIMIT", 1]]
  [1m[36mPost Load (1.4ms)[0m  [1m[34mSELECT  "posts".* FROM "posts" WHERE "posts"."id" = $1 LIMIT $2[0m  [["id", 1], ["LIMIT", 1]]
  Rendering /Users/Seph/.rbenv/versions/2.4.1/lib/ruby/gems/2.4.0/gems/activeadmin-1.3.0/app/views/active_admin/resource/edit.html.arb
  [1m[36mCACHE Post Load (0.0ms)[0m  [1m[34mSELECT  "posts".* FROM "posts" WHERE "posts"."id" = $1 LIMIT $2[0m  [["id", 1], ["LIMIT", 1]]
  Rendered /Users/Seph/.rbenv/versions/2.4.1/lib/ruby/gems/2.4.0/gems/activeadmin-1.3.0/app/views/active_admin/resource/edit.html.arb (291.5ms)
Completed 200 OK in 405ms (Views: 320.4ms | ActiveRecord: 44.4ms)


Started PATCH "/admin/posts/1" for 127.0.0.1 at 2018-06-06 20:29:17 -0400
Processing by Admin::PostsController#update as HTML
  Parameters: {"utf8"=>"✓", "authenticity_token"=>"/m0Urdw1dT6MZoPJ3IyL7M9Ae/Eeb/6y4XeIEXAxNltMN1Ydl+ktMRn+8GgRhBbuGjC4hH/U3DtBTc0AIb7zbQ==", "post"=>{"image_url"=>"http://webiconspng.com/wp-content/uploads/2017/09/Chuck-Norris-PNG-Image-22756.png", "caption"=>"Chuck Norris can write infinite recursion functions and have them return.", "button_title"=>"Like", "first_name"=>"Chuck", "email"=>"chuck@chucknorris.io"}, "commit"=>"Update Post", "id"=>"1"}
  [1m[36mAdminUser Load (0.6ms)[0m  [1m[34mSELECT  "admin_users".* FROM "admin_users" WHERE "admin_users"."id" = $1 ORDER BY "admin_users"."id" ASC LIMIT $2[0m  [["id", 1], ["LIMIT", 1]]
  [1m[36mPost Load (0.3ms)[0m  [1m[34mSELECT  "posts".* FROM "posts" WHERE "posts"."id" = $1 LIMIT $2[0m  [["id", 1], ["LIMIT", 1]]
  [1m[35m (0.2ms)[0m  [1m[35mBEGIN[0m
  [1m[35mSQL (3.0ms)[0m  [1m[33mUPDATE "posts" SET "button_title" = $1, "updated_at" = $2 WHERE "posts"."id" = $3[0m  [["button_title", "Like"], ["updated_at", "2018-06-07 00:29:17.596297"], ["id", 1]]
  [1m[35m (23.3ms)[0m  [1m[35mCOMMIT[0m
Redirected to http://localhost:3000/admin/posts/1
Completed 302 Found in 88ms (ActiveRecord: 27.2ms)


Started GET "/admin/posts/1" for 127.0.0.1 at 2018-06-06 20:29:17 -0400
Processing by Admin::PostsController#show as HTML
  Parameters: {"id"=>"1"}
  [1m[36mAdminUser Load (0.5ms)[0m  [1m[34mSELECT  "admin_users".* FROM "admin_users" WHERE "admin_users"."id" = $1 ORDER BY "admin_users"."id" ASC LIMIT $2[0m  [["id", 1], ["LIMIT", 1]]
  [1m[36mPost Load (0.5ms)[0m  [1m[34mSELECT  "posts".* FROM "posts" WHERE "posts"."id" = $1 LIMIT $2[0m  [["id", 1], ["LIMIT", 1]]
  Rendering /Users/Seph/.rbenv/versions/2.4.1/lib/ruby/gems/2.4.0/gems/activeadmin-1.3.0/app/views/active_admin/resource/show.html.arb
  [1m[35m (9.8ms)[0m  [1m[34mSELECT COUNT(*) FROM "active_admin_comments" WHERE "active_admin_comments"."resource_type" = $1 AND "active_admin_comments"."resource_id" = 1 AND "active_admin_comments"."namespace" = $2[0m  [["resource_type", "Post"], ["namespace", "admin"]]
  [1m[36mActiveAdmin::Comment Exists (0.5ms)[0m  [1m[34mSELECT  1 AS one FROM "active_admin_comments" WHERE "active_admin_comments"."resource_type" = $1 AND "active_admin_comments"."resource_id" = 1 AND "active_admin_comments"."namespace" = $2 LIMIT $3 OFFSET $4[0m  [["resource_type", "Post"], ["namespace", "admin"], ["LIMIT", 1], ["OFFSET", 0]]
  Rendered /Users/Seph/.rbenv/versions/2.4.1/lib/ruby/gems/2.4.0/gems/activeadmin-1.3.0/app/views/active_admin/resource/show.html.arb (166.1ms)
Completed 200 OK in 193ms (Views: 175.3ms | ActiveRecord: 14.0ms)


Started GET "/admin/posts/1/edit" for 127.0.0.1 at 2018-06-06 20:29:22 -0400
Processing by Admin::PostsController#edit as HTML
  Parameters: {"id"=>"1"}
  [1m[36mAdminUser Load (0.3ms)[0m  [1m[34mSELECT  "admin_users".* FROM "admin_users" WHERE "admin_users"."id" = $1 ORDER BY "admin_users"."id" ASC LIMIT $2[0m  [["id", 1], ["LIMIT", 1]]
  [1m[36mPost Load (0.3ms)[0m  [1m[34mSELECT  "posts".* FROM "posts" WHERE "posts"."id" = $1 LIMIT $2[0m  [["id", 1], ["LIMIT", 1]]
  Rendering /Users/Seph/.rbenv/versions/2.4.1/lib/ruby/gems/2.4.0/gems/activeadmin-1.3.0/app/views/active_admin/resource/edit.html.arb
  [1m[36mCACHE Post Load (0.0ms)[0m  [1m[34mSELECT  "posts".* FROM "posts" WHERE "posts"."id" = $1 LIMIT $2[0m  [["id", 1], ["LIMIT", 1]]
  Rendered /Users/Seph/.rbenv/versions/2.4.1/lib/ruby/gems/2.4.0/gems/activeadmin-1.3.0/app/views/active_admin/resource/edit.html.arb (107.3ms)
Completed 200 OK in 131ms (Views: 126.0ms | ActiveRecord: 0.6ms)


Started GET "/" for 127.0.0.1 at 2018-06-06 20:29:25 -0400
Processing by HomeController#index as HTML
  Rendering home/index.html.erb within layouts/application
  [1m[36mPost Load (0.3ms)[0m  [1m[34mSELECT "posts".* FROM "posts"[0m
  Rendered home/index.html.erb within layouts/application (2.8ms)
Completed 200 OK in 127ms (Views: 123.0ms | ActiveRecord: 0.3ms)


Started GET "/" for 127.0.0.1 at 2018-06-06 20:30:24 -0400
Processing by HomeController#index as HTML
  Rendering home/index.html.erb within layouts/application
  [1m[36mPost Load (0.3ms)[0m  [1m[34mSELECT "posts".* FROM "posts"[0m
  Rendered home/index.html.erb within layouts/application (2.5ms)
Completed 200 OK in 148ms (Views: 144.9ms | ActiveRecord: 0.3ms)


Started GET "/" for 127.0.0.1 at 2018-06-06 20:30:36 -0400
Processing by HomeController#index as HTML
  Rendering home/index.html.erb within layouts/application
  [1m[36mPost Load (0.3ms)[0m  [1m[34mSELECT "posts".* FROM "posts"[0m
  Rendered home/index.html.erb within layouts/application (2.4ms)
Completed 200 OK in 110ms (Views: 104.7ms | ActiveRecord: 0.3ms)


Started PATCH "/admin/posts/1" for 127.0.0.1 at 2018-06-06 20:32:13 -0400
Processing by Admin::PostsController#update as HTML
  Parameters: {"utf8"=>"✓", "authenticity_token"=>"gPWTw6SmePtSpCA9LOsDBhKa+Ga2zi7ZrcbJI5Cg5Mwyr9Fz73og9Mc8U5zh454Ex+o7E9d1DFAN/IwywS8h+g==", "post"=>{"image_url"=>"http://webiconspng.com/wp-content/uploads/2017/09/Chuck-Norris-PNG-Image-22756.png", "caption"=>"Chuck Norris can write infinite recursion functions and have them return.", "button_title"=>"save to favorites", "first_name"=>"Chuck", "email"=>"chuck@chucknorris.io"}, "commit"=>"Update Post", "id"=>"1"}
  [1m[36mAdminUser Load (0.6ms)[0m  [1m[34mSELECT  "admin_users".* FROM "admin_users" WHERE "admin_users"."id" = $1 ORDER BY "admin_users"."id" ASC LIMIT $2[0m  [["id", 1], ["LIMIT", 1]]
  [1m[36mPost Load (0.7ms)[0m  [1m[34mSELECT  "posts".* FROM "posts" WHERE "posts"."id" = $1 LIMIT $2[0m  [["id", 1], ["LIMIT", 1]]
  [1m[35m (0.2ms)[0m  [1m[35mBEGIN[0m
  [1m[35mSQL (0.5ms)[0m  [1m[33mUPDATE "posts" SET "button_title" = $1, "updated_at" = $2 WHERE "posts"."id" = $3[0m  [["button_title", "save to favorites"], ["updated_at", "2018-06-07 00:32:13.881838"], ["id", 1]]
  [1m[35m (6.0ms)[0m  [1m[35mCOMMIT[0m
Redirected to http://localhost:3000/admin/posts/1
Completed 302 Found in 71ms (ActiveRecord: 8.0ms)


Started GET "/admin/posts/1" for 127.0.0.1 at 2018-06-06 20:32:13 -0400
Processing by Admin::PostsController#show as HTML
  Parameters: {"id"=>"1"}
  [1m[36mAdminUser Load (0.4ms)[0m  [1m[34mSELECT  "admin_users".* FROM "admin_users" WHERE "admin_users"."id" = $1 ORDER BY "admin_users"."id" ASC LIMIT $2[0m  [["id", 1], ["LIMIT", 1]]
  [1m[36mPost Load (0.3ms)[0m  [1m[34mSELECT  "posts".* FROM "posts" WHERE "posts"."id" = $1 LIMIT $2[0m  [["id", 1], ["LIMIT", 1]]
  Rendering /Users/Seph/.rbenv/versions/2.4.1/lib/ruby/gems/2.4.0/gems/activeadmin-1.3.0/app/views/active_admin/resource/show.html.arb
  [1m[35m (1.1ms)[0m  [1m[34mSELECT COUNT(*) FROM "active_admin_comments" WHERE "active_admin_comments"."resource_type" = $1 AND "active_admin_comments"."resource_id" = 1 AND "active_admin_comments"."namespace" = $2[0m  [["resource_type", "Post"], ["namespace", "admin"]]
  [1m[36mActiveAdmin::Comment Exists (1.1ms)[0m  [1m[34mSELECT  1 AS one FROM "active_admin_comments" WHERE "active_admin_comments"."resource_type" = $1 AND "active_admin_comments"."resource_id" = 1 AND "active_admin_comments"."namespace" = $2 LIMIT $3 OFFSET $4[0m  [["resource_type", "Post"], ["namespace", "admin"], ["LIMIT", 1], ["OFFSET", 0]]
  Rendered /Users/Seph/.rbenv/versions/2.4.1/lib/ruby/gems/2.4.0/gems/activeadmin-1.3.0/app/views/active_admin/resource/show.html.arb (184.2ms)
Completed 200 OK in 215ms (Views: 208.6ms | ActiveRecord: 2.9ms)


Started GET "/" for 127.0.0.1 at 2018-06-06 20:32:16 -0400
Processing by HomeController#index as HTML
  Rendering home/index.html.erb within layouts/application
  [1m[36mPost Load (0.3ms)[0m  [1m[34mSELECT "posts".* FROM "posts"[0m
  Rendered home/index.html.erb within layouts/application (2.3ms)
Completed 200 OK in 118ms (Views: 113.3ms | ActiveRecord: 0.3ms)


Started GET "/" for 127.0.0.1 at 2018-06-06 20:33:01 -0400
Processing by HomeController#index as HTML
  Rendering home/index.html.erb within layouts/application
  [1m[36mPost Load (0.2ms)[0m  [1m[34mSELECT "posts".* FROM "posts"[0m
  Rendered home/index.html.erb within layouts/application (10.9ms)
Completed 200 OK in 142ms (Views: 135.2ms | ActiveRecord: 3.0ms)


Started GET "/" for 127.0.0.1 at 2018-06-06 20:33:31 -0400
Processing by HomeController#index as HTML
  Rendering home/index.html.erb within layouts/application
  [1m[36mPost Load (0.4ms)[0m  [1m[34mSELECT "posts".* FROM "posts"[0m
  Rendered home/index.html.erb within layouts/application (2.4ms)
Completed 200 OK in 139ms (Views: 134.5ms | ActiveRecord: 0.4ms)


Started GET "/admin/dashboard" for 127.0.0.1 at 2018-06-06 21:06:29 -0400
  [1m[35m (1.7ms)[0m  [1m[34mSELECT "schema_migrations"."version" FROM "schema_migrations" ORDER BY "schema_migrations"."version" ASC[0m
Processing by Admin::DashboardController#index as HTML
  [1m[36mAdminUser Load (0.8ms)[0m  [1m[34mSELECT  "admin_users".* FROM "admin_users" WHERE "admin_users"."id" = $1 ORDER BY "admin_users"."id" ASC LIMIT $2[0m  [["id", 1], ["LIMIT", 1]]
  Rendering /Users/Seph/.rbenv/versions/2.4.1/lib/ruby/gems/2.4.0/gems/activeadmin-1.3.0/app/views/active_admin/page/index.html.arb
  Rendered /Users/Seph/.rbenv/versions/2.4.1/lib/ruby/gems/2.4.0/gems/activeadmin-1.3.0/app/views/active_admin/page/index.html.arb (667.1ms)
Completed 200 OK in 737ms (Views: 686.0ms | ActiveRecord: 5.8ms)


Started GET "/admin/admin_users" for 127.0.0.1 at 2018-06-06 21:06:31 -0400
Processing by Admin::AdminUsersController#index as HTML
  [1m[36mAdminUser Load (0.4ms)[0m  [1m[34mSELECT  "admin_users".* FROM "admin_users" WHERE "admin_users"."id" = $1 ORDER BY "admin_users"."id" ASC LIMIT $2[0m  [["id", 1], ["LIMIT", 1]]
  Rendering /Users/Seph/.rbenv/versions/2.4.1/lib/ruby/gems/2.4.0/gems/activeadmin-1.3.0/app/views/active_admin/resource/index.html.arb
  [1m[35m (0.7ms)[0m  [1m[34mSELECT COUNT(*) FROM (SELECT  1 AS one FROM "admin_users" LIMIT $1 OFFSET $2) subquery_for_count[0m  [["LIMIT", 30], ["OFFSET", 0]]
  [1m[35mCACHE  (0.0ms)[0m  [1m[34mSELECT COUNT(*) FROM (SELECT  1 AS one FROM "admin_users" LIMIT $1 OFFSET $2) subquery_for_count[0m  [["LIMIT", 30], ["OFFSET", 0]]
  [1m[35m (1.3ms)[0m  [1m[34mSELECT COUNT(*) FROM "admin_users"[0m
  [1m[35mCACHE  (0.0ms)[0m  [1m[34mSELECT COUNT(*) FROM (SELECT  1 AS one FROM "admin_users" LIMIT $1 OFFSET $2) subquery_for_count[0m  [["LIMIT", 30], ["OFFSET", 0]]
  [1m[36mAdminUser Load (1.5ms)[0m  [1m[34mSELECT  "admin_users".* FROM "admin_users" ORDER BY "admin_users"."id" desc LIMIT $1 OFFSET $2[0m  [["LIMIT", 30], ["OFFSET", 0]]
  Rendered /Users/Seph/.rbenv/versions/2.4.1/lib/ruby/gems/2.4.0/gems/activeadmin-1.3.0/app/views/active_admin/resource/index.html.arb (211.7ms)
Completed 200 OK in 244ms (Views: 230.4ms | ActiveRecord: 4.0ms)


Started GET "/admin/comments" for 127.0.0.1 at 2018-06-06 21:06:34 -0400
Processing by Admin::CommentsController#index as HTML
  [1m[36mAdminUser Load (0.5ms)[0m  [1m[34mSELECT  "admin_users".* FROM "admin_users" WHERE "admin_users"."id" = $1 ORDER BY "admin_users"."id" ASC LIMIT $2[0m  [["id", 1], ["LIMIT", 1]]
  Rendering /Users/Seph/.rbenv/versions/2.4.1/lib/ruby/gems/2.4.0/gems/activeadmin-1.3.0/app/views/active_admin/resource/index.html.arb
  [1m[35m (1.6ms)[0m  [1m[34mSELECT COUNT(*) FROM "active_admin_comments" WHERE "active_admin_comments"."namespace" = $1[0m  [["namespace", "admin"]]
  [1m[35m (1.3ms)[0m  [1m[34mSELECT COUNT(*) FROM (SELECT  1 AS one FROM "active_admin_comments" WHERE "active_admin_comments"."namespace" = $1 LIMIT $2 OFFSET $3) subquery_for_count[0m  [["namespace", "admin"], ["LIMIT", 30], ["OFFSET", 0]]
  [1m[35m (1.3ms)[0m  [1m[34mSELECT DISTINCT "active_admin_comments"."resource_type" FROM "active_admin_comments" ORDER BY resource_type asc[0m
  [1m[35m (0.4ms)[0m  [1m[34mSELECT DISTINCT "active_admin_comments"."author_type" FROM "active_admin_comments" ORDER BY author_type asc[0m
  Rendered /Users/Seph/.rbenv/versions/2.4.1/lib/ruby/gems/2.4.0/gems/activeadmin-1.3.0/app/views/active_admin/resource/index.html.arb (165.5ms)
Completed 200 OK in 208ms (Views: 188.4ms | ActiveRecord: 8.9ms)


Started GET "/admin/admin_users" for 127.0.0.1 at 2018-06-06 21:08:45 -0400
Processing by Admin::AdminUsersController#index as HTML
  [1m[36mAdminUser Load (0.5ms)[0m  [1m[34mSELECT  "admin_users".* FROM "admin_users" WHERE "admin_users"."id" = $1 ORDER BY "admin_users"."id" ASC LIMIT $2[0m  [["id", 1], ["LIMIT", 1]]
  Rendering /Users/Seph/.rbenv/versions/2.4.1/lib/ruby/gems/2.4.0/gems/activeadmin-1.3.0/app/views/active_admin/resource/index.html.arb
  [1m[35m (0.5ms)[0m  [1m[34mSELECT COUNT(*) FROM (SELECT  1 AS one FROM "admin_users" LIMIT $1 OFFSET $2) subquery_for_count[0m  [["LIMIT", 30], ["OFFSET", 0]]
  [1m[35mCACHE  (0.0ms)[0m  [1m[34mSELECT COUNT(*) FROM (SELECT  1 AS one FROM "admin_users" LIMIT $1 OFFSET $2) subquery_for_count[0m  [["LIMIT", 30], ["OFFSET", 0]]
  [1m[35m (0.5ms)[0m  [1m[34mSELECT COUNT(*) FROM "admin_users"[0m
  [1m[35mCACHE  (0.0ms)[0m  [1m[34mSELECT COUNT(*) FROM (SELECT  1 AS one FROM "admin_users" LIMIT $1 OFFSET $2) subquery_for_count[0m  [["LIMIT", 30], ["OFFSET", 0]]
  [1m[36mAdminUser Load (0.5ms)[0m  [1m[34mSELECT  "admin_users".* FROM "admin_users" ORDER BY "admin_users"."id" desc LIMIT $1 OFFSET $2[0m  [["LIMIT", 30], ["OFFSET", 0]]
  Rendered /Users/Seph/.rbenv/versions/2.4.1/lib/ruby/gems/2.4.0/gems/activeadmin-1.3.0/app/views/active_admin/resource/index.html.arb (171.9ms)
Completed 200 OK in 213ms (Views: 199.4ms | ActiveRecord: 2.1ms)


Started GET "/admin/posts" for 127.0.0.1 at 2018-06-06 21:09:46 -0400
Processing by Admin::PostsController#index as HTML
  [1m[36mAdminUser Load (0.6ms)[0m  [1m[34mSELECT  "admin_users".* FROM "admin_users" WHERE "admin_users"."id" = $1 ORDER BY "admin_users"."id" ASC LIMIT $2[0m  [["id", 1], ["LIMIT", 1]]
  Rendering /Users/Seph/.rbenv/versions/2.4.1/lib/ruby/gems/2.4.0/gems/activeadmin-1.3.0/app/views/active_admin/resource/index.html.arb
  [1m[35m (0.9ms)[0m  [1m[34mSELECT COUNT(*) FROM (SELECT  1 AS one FROM "posts" LIMIT $1 OFFSET $2) subquery_for_count[0m  [["LIMIT", 30], ["OFFSET", 0]]
  [1m[35mCACHE  (0.0ms)[0m  [1m[34mSELECT COUNT(*) FROM (SELECT  1 AS one FROM "posts" LIMIT $1 OFFSET $2) subquery_for_count[0m  [["LIMIT", 30], ["OFFSET", 0]]
  [1m[35m (0.4ms)[0m  [1m[34mSELECT COUNT(*) FROM "posts"[0m
  [1m[35mCACHE  (0.0ms)[0m  [1m[34mSELECT COUNT(*) FROM (SELECT  1 AS one FROM "posts" LIMIT $1 OFFSET $2) subquery_for_count[0m  [["LIMIT", 30], ["OFFSET", 0]]
  [1m[36mPost Load (2.3ms)[0m  [1m[34mSELECT  "posts".* FROM "posts" ORDER BY "posts"."id" desc LIMIT $1 OFFSET $2[0m  [["LIMIT", 30], ["OFFSET", 0]]
  Rendered /Users/Seph/.rbenv/versions/2.4.1/lib/ruby/gems/2.4.0/gems/activeadmin-1.3.0/app/views/active_admin/resource/index.html.arb (230.2ms)
Completed 200 OK in 279ms (Views: 254.8ms | ActiveRecord: 7.7ms)


